<?xml version="1.0" encoding="UTF-8"?>
<!-- Generated by org.testng.reporters.JUnitXMLReporter -->
<testsuite ignored="3" hostname="TXCHD-LAP-165" failures="2" tests="23" name="FirefoxTest" time="660.174" errors="0" timestamp="2024-10-02T15:18:22 IST">
  <testcase classname="testConfig.BaseTest" name="@BeforeMethod setUp" time="1.326">
    <failure type="org.openqa.selenium.SessionNotCreatedException" message="Could not start a new session. Response code 500. Message: Process unexpectedly closed with status 0 
Host info: host: &amp;apos;TXCHD-LAP-165&amp;apos;, ip: &amp;apos;192.168.1.101&amp;apos;
Build info: version: &amp;apos;4.21.0&amp;apos;, revision: &amp;apos;79ed462ef4&amp;apos;
System info: os.name: &amp;apos;Windows 11&amp;apos;, os.arch: &amp;apos;amd64&amp;apos;, os.version: &amp;apos;10.0&amp;apos;, java.version: &amp;apos;17.0.11&amp;apos;
Driver info: org.openqa.selenium.firefox.FirefoxDriver
Command: [null, newSession {capabilities=[Capabilities {acceptInsecureCerts: true, browserName: firefox, moz:debuggerAddress: true, moz:firefoxOptions: {binary: C:\Program Files\Mozilla Fi...}}]}]">
      <![CDATA[org.openqa.selenium.SessionNotCreatedException: Could not start a new session. Response code 500. Message: Process unexpectedly closed with status 0 
Host info: host: 'TXCHD-LAP-165', ip: '192.168.1.101'
Build info: version: '4.21.0', revision: '79ed462ef4'
System info: os.name: 'Windows 11', os.arch: 'amd64', os.version: '10.0', java.version: '17.0.11'
Driver info: org.openqa.selenium.firefox.FirefoxDriver
Command: [null, newSession {capabilities=[Capabilities {acceptInsecureCerts: true, browserName: firefox, moz:debuggerAddress: true, moz:firefoxOptions: {binary: C:\Program Files\Mozilla Fi...}}]}]
at org.openqa.selenium.remote.ProtocolHandshake.createSession(ProtocolHandshake.java:114)
at org.openqa.selenium.remote.ProtocolHandshake.createSession(ProtocolHandshake.java:75)
at org.openqa.selenium.remote.ProtocolHandshake.createSession(ProtocolHandshake.java:61)
at org.openqa.selenium.remote.HttpCommandExecutor.execute(HttpCommandExecutor.java:162)
at org.openqa.selenium.remote.service.DriverCommandExecutor.invokeExecute(DriverCommandExecutor.java:216)
at org.openqa.selenium.remote.service.DriverCommandExecutor.execute(DriverCommandExecutor.java:174)
at org.openqa.selenium.remote.RemoteWebDriver.execute(RemoteWebDriver.java:518)
at org.openqa.selenium.remote.RemoteWebDriver.startSession(RemoteWebDriver.java:232)
at org.openqa.selenium.remote.RemoteWebDriver.<init>(RemoteWebDriver.java:161)
at org.openqa.selenium.firefox.FirefoxDriver.<init>(FirefoxDriver.java:155)
at org.openqa.selenium.firefox.FirefoxDriver.<init>(FirefoxDriver.java:150)
at org.openqa.selenium.firefox.FirefoxDriver.<init>(FirefoxDriver.java:132)
at org.openqa.selenium.firefox.FirefoxDriver.<init>(FirefoxDriver.java:127)
at org.openqa.selenium.firefox.FirefoxDriver.<init>(FirefoxDriver.java:112)
at org.openqa.selenium.firefox.FirefoxDriver.<init>(FirefoxDriver.java:102)
at Base.SetupDriver.intializeBrowser(SetupDriver.java:62)
at testConfig.BaseTest.setUp(BaseTest.java:40)
at java.base/java.util.ArrayList.forEach(ArrayList.java:1511)
at java.base/java.util.concurrent.FutureTask.run(FutureTask.java:264)
at java.base/java.util.concurrent.ThreadPoolExecutor.runWorker(ThreadPoolExecutor.java:1136)
at java.base/java.util.concurrent.ThreadPoolExecutor$Worker.run(ThreadPoolExecutor.java:635)
at java.base/java.lang.Thread.run(Thread.java:840)
... Removed 22 stack frames]]>
    </failure>
  </testcase> <!-- @BeforeMethod setUp -->
  <testcase classname="testConfig.BaseTest" name="@AfterMethod driverQuit" time="-1.727861872649E9">
    <skipped/>
  </testcase> <!-- @AfterMethod driverQuit -->
  <testcase classname="PageTests.LogoutUserTests" name="logoutUserTest" time="17.84"/>
  <testcase classname="PageTests.AddToCartFromRecommended" name="testAddToCartFromRecommendedCarousel" time="0.0">
    <skipped/>
  </testcase> <!-- testAddToCartFromRecommendedCarousel -->
  <testcase classname="PageTests.AllProductAndDetailsTests" name="testGetAllProductAndDetails" time="14.311"/>
  <testcase classname="PageTests.AddReviewTest" name="testSubmitReviewForm" time="17.729"/>
  <testcase classname="PageTests.TestCasesPageTests" name="testTestCasesPage" time="8.336"/>
  <testcase classname="PageTests.ProductQuantityInCartTest" name="verifyProductQuantityTest" time="17.138"/>
  <testcase classname="PageTests.PlaceOrderTest" name="placeOrderRegisterWhileCheckout" time="55.46"/>
  <testcase classname="PageTests.ContactUsFormTests" name="testContactUsForm" time="12.699"/>
  <testcase classname="PageTests.DownloadInvoiceAfterCheckout" name="testDownloadInvoiceAfterCheckout" time="57.182"/>
  <testcase classname="PageTests.LoginPageTests" name="testLoginWithValidCredentials" time="14.081"/>
  <testcase classname="PageTests.HomePageTest" name="testNewsLetter" time="7.409"/>
  <testcase classname="PageTests.RegisterPageTests" name="testRegisterUser" time="36.555"/>
  <testcase classname="PageTests.ScrollUpAndScrollDownFunctioanlityTest" name="testScrollUpAndDown" time="7.866"/>
  <testcase classname="PageTests.SearchProductTest" name="testSearchProduct" time="12.651">
    <failure type="java.lang.AssertionError" message="The following asserts failed:
	list does not contain the searched product expected [true] but found [false]">
      <![CDATA[java.lang.AssertionError: The following asserts failed:
list does not contain the searched product expected [true] but found [false]
at PageTests.SearchProductTest.testSearchProduct(SearchProductTest.java:37)
at java.base/java.util.ArrayList.forEach(ArrayList.java:1511)
at java.base/java.util.concurrent.FutureTask.run(FutureTask.java:264)
at java.base/java.util.concurrent.ThreadPoolExecutor.runWorker(ThreadPoolExecutor.java:1136)
at java.base/java.util.concurrent.ThreadPoolExecutor$Worker.run(ThreadPoolExecutor.java:635)
at java.base/java.lang.Thread.run(Thread.java:840)
... Removed 20 stack frames]]>
    </failure>
  </testcase> <!-- testSearchProduct -->
  <testcase classname="PageTests.ViewCategoryProductsTest" name="testViewCategoryProducts" time="14.843"/>
  <testcase classname="PageTests.PlaceOrderTest" name="placeOrderRegisterBeforeCheckout" time="47.788"/>
  <testcase classname="PageTests.RegisterPageTests" name="testAlreadyRegisterUser" time="12.649"/>
  <testcase classname="PageTests.LoginPageTests" name="testLoginWithInvalidCredentials" time="10.585">
    <failure type="java.lang.AssertionError" message="expected [Login to your account] but found [Your email or password is incorrect!]">
      <![CDATA[java.lang.AssertionError: expected [Login to your account] but found [Your email or password is incorrect!]
at PageTests.LoginPageTests.testLoginWithInvalidCredentials(LoginPageTests.java:39)
at java.base/java.util.ArrayList.forEach(ArrayList.java:1511)
at java.base/java.util.concurrent.FutureTask.run(FutureTask.java:264)
at java.base/java.util.concurrent.ThreadPoolExecutor.runWorker(ThreadPoolExecutor.java:1136)
at java.base/java.util.concurrent.ThreadPoolExecutor$Worker.run(ThreadPoolExecutor.java:635)
at java.base/java.lang.Thread.run(Thread.java:840)
... Removed 24 stack frames]]>
    </failure>
  </testcase> <!-- testLoginWithInvalidCredentials -->
  <testcase classname="PageTests.ScrollUpAndScrollDownFunctioanlityTest" name="testScrollUpWithoutArrowBtnAndScrollDown" time="5.95"/>
  <testcase classname="PageTests.SearchProductTest" name="testSearchProductAndVerifyCartAfterLogin" time="26.588"/>
  <testcase classname="PageTests.HomePageTest" name="testWithInvalidEmailValidations" time="9.229"/>
  <testcase classname="PageTests.PlaceOrderTest" name="placeOrderLoginBeforeCheckout" time="38.732"/>
  <testcase classname="PageTests.CartPageTest" name="testRemoveProductFromCart" time="28.008"/>
  <testcase classname="PageTests.CartPageTest" name="testNewsLetter" time="0.0">
    <ignored/>
  </testcase> <!-- testNewsLetter -->
  <testcase classname="PageTests.CartPageTest" name="testAddProductsToCart" time="0.0">
    <ignored/>
  </testcase> <!-- testAddProductsToCart -->
  <testcase classname="PageTests.CartPageTest" name="testWithInvalidEmailValidations" time="0.0">
    <ignored/>
  </testcase> <!-- testWithInvalidEmailValidations -->
</testsuite> <!-- FirefoxTest -->
