<?xml version="1.0" encoding="UTF-8"?>
<testng-results retried="1" ignored="6" total="54" passed="42" failed="4" skipped="1">
  <reporter-output>
  </reporter-output>
  <suite started-at="2024-10-02T15:07:22 IST" name="Cross browser Suite" finished-at="2024-10-02T15:18:37 IST" duration-ms="675100">
    <groups>
    </groups>
    <test started-at="2024-10-02T15:07:22 IST" name="FirefoxTest" finished-at="2024-10-02T15:18:22 IST" duration-ms="660174">
      <class name="PageTests.TestCasesPageTests">
        <test-method is-config="true" signature="setUp(java.lang.String)[pri:0, instance:PageTests.TestCasesPageTests@5443d039]" started-at="2024-10-02T15:08:43 IST" name="setUp" finished-at="2024-10-02T15:08:48 IST" duration-ms="5015" status="PASS">
          <params>
            <param index="0">
              <value>
                <![CDATA[firefox]]>
              </value>
            </param>
          </params>
          <reporter-output>
          </reporter-output>
        </test-method> <!-- setUp -->
        <test-method signature="testTestCasesPage()[pri:0, instance:PageTests.TestCasesPageTests@5443d039]" started-at="2024-10-02T15:08:48 IST" name="testTestCasesPage" description="verify the testcase button is clickable and redirecting to testCases page" finished-at="2024-10-02T15:08:56 IST" duration-ms="8336" status="PASS">
          <reporter-output>
          </reporter-output>
        </test-method> <!-- testTestCasesPage -->
        <test-method is-config="true" signature="driverQuit()[pri:0, instance:PageTests.TestCasesPageTests@5443d039]" started-at="2024-10-02T15:08:56 IST" name="driverQuit" finished-at="2024-10-02T15:08:59 IST" duration-ms="3051" status="PASS">
          <reporter-output>
          </reporter-output>
        </test-method> <!-- driverQuit -->
      </class> <!-- PageTests.TestCasesPageTests -->
      <class name="PageTests.AddToCartFromRecommended">
        <test-method is-config="true" signature="setUp(java.lang.String)[pri:0, instance:PageTests.AddToCartFromRecommended@3d1848cc]" started-at="2024-10-02T15:07:51 IST" name="setUp" finished-at="2024-10-02T15:07:52 IST" duration-ms="1326" status="FAIL">
          <params>
            <param index="0">
              <value>
                <![CDATA[firefox]]>
              </value>
            </param>
          </params>
          <exception class="org.openqa.selenium.SessionNotCreatedException">
            <message>
              <![CDATA[Could not start a new session. Response code 500. Message: Process unexpectedly closed with status 0 
Host info: host: 'TXCHD-LAP-165', ip: '192.168.1.101'
Build info: version: '4.21.0', revision: '79ed462ef4'
System info: os.name: 'Windows 11', os.arch: 'amd64', os.version: '10.0', java.version: '17.0.11'
Driver info: org.openqa.selenium.firefox.FirefoxDriver
Command: [null, newSession {capabilities=[Capabilities {acceptInsecureCerts: true, browserName: firefox, moz:debuggerAddress: true, moz:firefoxOptions: {binary: C:\Program Files\Mozilla Fi...}}]}]]]>
            </message>
            <full-stacktrace>
              <![CDATA[org.openqa.selenium.SessionNotCreatedException: Could not start a new session. Response code 500. Message: Process unexpectedly closed with status 0 
Host info: host: 'TXCHD-LAP-165', ip: '192.168.1.101'
Build info: version: '4.21.0', revision: '79ed462ef4'
System info: os.name: 'Windows 11', os.arch: 'amd64', os.version: '10.0', java.version: '17.0.11'
Driver info: org.openqa.selenium.firefox.FirefoxDriver
Command: [null, newSession {capabilities=[Capabilities {acceptInsecureCerts: true, browserName: firefox, moz:debuggerAddress: true, moz:firefoxOptions: {binary: C:\Program Files\Mozilla Fi...}}]}]
at org.openqa.selenium.remote.ProtocolHandshake.createSession(ProtocolHandshake.java:114)
at org.openqa.selenium.remote.ProtocolHandshake.createSession(ProtocolHandshake.java:75)
at org.openqa.selenium.remote.ProtocolHandshake.createSession(ProtocolHandshake.java:61)
at org.openqa.selenium.remote.HttpCommandExecutor.execute(HttpCommandExecutor.java:162)
at org.openqa.selenium.remote.service.DriverCommandExecutor.invokeExecute(DriverCommandExecutor.java:216)
at org.openqa.selenium.remote.service.DriverCommandExecutor.execute(DriverCommandExecutor.java:174)
at org.openqa.selenium.remote.RemoteWebDriver.execute(RemoteWebDriver.java:518)
at org.openqa.selenium.remote.RemoteWebDriver.startSession(RemoteWebDriver.java:232)
at org.openqa.selenium.remote.RemoteWebDriver.<init>(RemoteWebDriver.java:161)
at org.openqa.selenium.firefox.FirefoxDriver.<init>(FirefoxDriver.java:155)
at org.openqa.selenium.firefox.FirefoxDriver.<init>(FirefoxDriver.java:150)
at org.openqa.selenium.firefox.FirefoxDriver.<init>(FirefoxDriver.java:132)
at org.openqa.selenium.firefox.FirefoxDriver.<init>(FirefoxDriver.java:127)
at org.openqa.selenium.firefox.FirefoxDriver.<init>(FirefoxDriver.java:112)
at org.openqa.selenium.firefox.FirefoxDriver.<init>(FirefoxDriver.java:102)
at Base.SetupDriver.intializeBrowser(SetupDriver.java:62)
at testConfig.BaseTest.setUp(BaseTest.java:40)
at java.base/jdk.internal.reflect.NativeMethodAccessorImpl.invoke0(Native Method)
at java.base/jdk.internal.reflect.NativeMethodAccessorImpl.invoke(NativeMethodAccessorImpl.java:77)
at java.base/jdk.internal.reflect.DelegatingMethodAccessorImpl.invoke(DelegatingMethodAccessorImpl.java:43)
at java.base/java.lang.reflect.Method.invoke(Method.java:568)
at org.testng.internal.MethodInvocationHelper.invokeMethod(MethodInvocationHelper.java:133)
at org.testng.internal.MethodInvocationHelper.invokeMethodConsideringTimeout(MethodInvocationHelper.java:62)
at org.testng.internal.ConfigInvoker.invokeConfigurationMethod(ConfigInvoker.java:385)
at org.testng.internal.ConfigInvoker.invokeConfigurations(ConfigInvoker.java:321)
at org.testng.internal.TestInvoker.runConfigMethods(TestInvoker.java:700)
at org.testng.internal.TestInvoker.invokeMethod(TestInvoker.java:527)
at org.testng.internal.TestInvoker.invokeTestMethod(TestInvoker.java:173)
at org.testng.internal.MethodRunner.runInSequence(MethodRunner.java:46)
at org.testng.internal.TestInvoker$MethodInvocationAgent.invoke(TestInvoker.java:824)
at org.testng.internal.TestInvoker.invokeTestMethods(TestInvoker.java:146)
at org.testng.internal.TestMethodWorker.invokeTestMethods(TestMethodWorker.java:146)
at org.testng.internal.TestMethodWorker.run(TestMethodWorker.java:128)
at java.base/java.util.ArrayList.forEach(ArrayList.java:1511)
at org.testng.TestRunner.privateRun(TestRunner.java:794)
at org.testng.TestRunner.run(TestRunner.java:596)
at org.testng.SuiteRunner.runTest(SuiteRunner.java:377)
at org.testng.SuiteRunner.access$000(SuiteRunner.java:28)
at org.testng.SuiteRunner$SuiteWorker.run(SuiteRunner.java:418)
at org.testng.internal.thread.ThreadUtil.lambda$execute$0(ThreadUtil.java:64)
at java.base/java.util.concurrent.FutureTask.run(FutureTask.java:264)
at java.base/java.util.concurrent.ThreadPoolExecutor.runWorker(ThreadPoolExecutor.java:1136)
at java.base/java.util.concurrent.ThreadPoolExecutor$Worker.run(ThreadPoolExecutor.java:635)
at java.base/java.lang.Thread.run(Thread.java:840)
]]>
            </full-stacktrace>
          </exception> <!-- org.openqa.selenium.SessionNotCreatedException -->
          <reporter-output>
          </reporter-output>
        </test-method> <!-- setUp -->
        <test-method signature="testAddToCartFromRecommendedCarousel()[pri:0, instance:PageTests.AddToCartFromRecommended@3d1848cc]" started-at="2024-10-02T15:07:52 IST" name="testAddToCartFromRecommendedCarousel" description="verify item is added to cart from recommended carousel" finished-at="2024-10-02T15:07:52 IST" duration-ms="0" status="SKIP">
          <exception class="org.openqa.selenium.SessionNotCreatedException">
            <message>
              <![CDATA[Could not start a new session. Response code 500. Message: Process unexpectedly closed with status 0 
Host info: host: 'TXCHD-LAP-165', ip: '192.168.1.101'
Build info: version: '4.21.0', revision: '79ed462ef4'
System info: os.name: 'Windows 11', os.arch: 'amd64', os.version: '10.0', java.version: '17.0.11'
Driver info: org.openqa.selenium.firefox.FirefoxDriver
Command: [null, newSession {capabilities=[Capabilities {acceptInsecureCerts: true, browserName: firefox, moz:debuggerAddress: true, moz:firefoxOptions: {binary: C:\Program Files\Mozilla Fi...}}]}]]]>
            </message>
            <full-stacktrace>
              <![CDATA[org.openqa.selenium.SessionNotCreatedException: Could not start a new session. Response code 500. Message: Process unexpectedly closed with status 0 
Host info: host: 'TXCHD-LAP-165', ip: '192.168.1.101'
Build info: version: '4.21.0', revision: '79ed462ef4'
System info: os.name: 'Windows 11', os.arch: 'amd64', os.version: '10.0', java.version: '17.0.11'
Driver info: org.openqa.selenium.firefox.FirefoxDriver
Command: [null, newSession {capabilities=[Capabilities {acceptInsecureCerts: true, browserName: firefox, moz:debuggerAddress: true, moz:firefoxOptions: {binary: C:\Program Files\Mozilla Fi...}}]}]
at org.openqa.selenium.remote.ProtocolHandshake.createSession(ProtocolHandshake.java:114)
at org.openqa.selenium.remote.ProtocolHandshake.createSession(ProtocolHandshake.java:75)
at org.openqa.selenium.remote.ProtocolHandshake.createSession(ProtocolHandshake.java:61)
at org.openqa.selenium.remote.HttpCommandExecutor.execute(HttpCommandExecutor.java:162)
at org.openqa.selenium.remote.service.DriverCommandExecutor.invokeExecute(DriverCommandExecutor.java:216)
at org.openqa.selenium.remote.service.DriverCommandExecutor.execute(DriverCommandExecutor.java:174)
at org.openqa.selenium.remote.RemoteWebDriver.execute(RemoteWebDriver.java:518)
at org.openqa.selenium.remote.RemoteWebDriver.startSession(RemoteWebDriver.java:232)
at org.openqa.selenium.remote.RemoteWebDriver.<init>(RemoteWebDriver.java:161)
at org.openqa.selenium.firefox.FirefoxDriver.<init>(FirefoxDriver.java:155)
at org.openqa.selenium.firefox.FirefoxDriver.<init>(FirefoxDriver.java:150)
at org.openqa.selenium.firefox.FirefoxDriver.<init>(FirefoxDriver.java:132)
at org.openqa.selenium.firefox.FirefoxDriver.<init>(FirefoxDriver.java:127)
at org.openqa.selenium.firefox.FirefoxDriver.<init>(FirefoxDriver.java:112)
at org.openqa.selenium.firefox.FirefoxDriver.<init>(FirefoxDriver.java:102)
at Base.SetupDriver.intializeBrowser(SetupDriver.java:62)
at testConfig.BaseTest.setUp(BaseTest.java:40)
at java.base/jdk.internal.reflect.NativeMethodAccessorImpl.invoke0(Native Method)
at java.base/jdk.internal.reflect.NativeMethodAccessorImpl.invoke(NativeMethodAccessorImpl.java:77)
at java.base/jdk.internal.reflect.DelegatingMethodAccessorImpl.invoke(DelegatingMethodAccessorImpl.java:43)
at java.base/java.lang.reflect.Method.invoke(Method.java:568)
at org.testng.internal.MethodInvocationHelper.invokeMethod(MethodInvocationHelper.java:133)
at org.testng.internal.MethodInvocationHelper.invokeMethodConsideringTimeout(MethodInvocationHelper.java:62)
at org.testng.internal.ConfigInvoker.invokeConfigurationMethod(ConfigInvoker.java:385)
at org.testng.internal.ConfigInvoker.invokeConfigurations(ConfigInvoker.java:321)
at org.testng.internal.TestInvoker.runConfigMethods(TestInvoker.java:700)
at org.testng.internal.TestInvoker.invokeMethod(TestInvoker.java:527)
at org.testng.internal.TestInvoker.invokeTestMethod(TestInvoker.java:173)
at org.testng.internal.MethodRunner.runInSequence(MethodRunner.java:46)
at org.testng.internal.TestInvoker$MethodInvocationAgent.invoke(TestInvoker.java:824)
at org.testng.internal.TestInvoker.invokeTestMethods(TestInvoker.java:146)
at org.testng.internal.TestMethodWorker.invokeTestMethods(TestMethodWorker.java:146)
at org.testng.internal.TestMethodWorker.run(TestMethodWorker.java:128)
at java.base/java.util.ArrayList.forEach(ArrayList.java:1511)
at org.testng.TestRunner.privateRun(TestRunner.java:794)
at org.testng.TestRunner.run(TestRunner.java:596)
at org.testng.SuiteRunner.runTest(SuiteRunner.java:377)
at org.testng.SuiteRunner.access$000(SuiteRunner.java:28)
at org.testng.SuiteRunner$SuiteWorker.run(SuiteRunner.java:418)
at org.testng.internal.thread.ThreadUtil.lambda$execute$0(ThreadUtil.java:64)
at java.base/java.util.concurrent.FutureTask.run(FutureTask.java:264)
at java.base/java.util.concurrent.ThreadPoolExecutor.runWorker(ThreadPoolExecutor.java:1136)
at java.base/java.util.concurrent.ThreadPoolExecutor$Worker.run(ThreadPoolExecutor.java:635)
at java.base/java.lang.Thread.run(Thread.java:840)
]]>
            </full-stacktrace>
          </exception> <!-- org.openqa.selenium.SessionNotCreatedException -->
          <reporter-output>
          </reporter-output>
        </test-method> <!-- testAddToCartFromRecommendedCarousel -->
        <test-method is-config="true" signature="driverQuit()[pri:0, instance:PageTests.AddToCartFromRecommended@3d1848cc]" started-at="2024-10-02T15:07:52 IST" name="driverQuit" finished-at="1970-01-01T05:30:00 IST" duration-ms="-1727861872649" status="SKIP">
          <reporter-output>
          </reporter-output>
        </test-method> <!-- driverQuit -->
      </class> <!-- PageTests.AddToCartFromRecommended -->
      <class name="PageTests.ScrollUpAndScrollDownFunctioanlityTest">
        <test-method is-config="true" signature="setUp(java.lang.String)[pri:0, instance:PageTests.ScrollUpAndScrollDownFunctioanlityTest@6e4566f1]" started-at="2024-10-02T15:13:21 IST" name="setUp" finished-at="2024-10-02T15:13:26 IST" duration-ms="4883" status="PASS">
          <params>
            <param index="0">
              <value>
                <![CDATA[firefox]]>
              </value>
            </param>
          </params>
          <reporter-output>
          </reporter-output>
        </test-method> <!-- setUp -->
        <test-method signature="testScrollUpAndDown()[pri:1, instance:PageTests.ScrollUpAndScrollDownFunctioanlityTest@6e4566f1]" started-at="2024-10-02T15:13:26 IST" name="testScrollUpAndDown" finished-at="2024-10-02T15:13:34 IST" duration-ms="7866" status="PASS">
          <reporter-output>
          </reporter-output>
        </test-method> <!-- testScrollUpAndDown -->
        <test-method is-config="true" signature="driverQuit()[pri:0, instance:PageTests.ScrollUpAndScrollDownFunctioanlityTest@6e4566f1]" started-at="2024-10-02T15:13:34 IST" name="driverQuit" finished-at="2024-10-02T15:13:37 IST" duration-ms="2882" status="PASS">
          <reporter-output>
          </reporter-output>
        </test-method> <!-- driverQuit -->
        <test-method is-config="true" signature="setUp(java.lang.String)[pri:0, instance:PageTests.ScrollUpAndScrollDownFunctioanlityTest@6e4566f1]" started-at="2024-10-02T15:15:54 IST" name="setUp" finished-at="2024-10-02T15:15:59 IST" duration-ms="4841" status="PASS">
          <params>
            <param index="0">
              <value>
                <![CDATA[firefox]]>
              </value>
            </param>
          </params>
          <reporter-output>
          </reporter-output>
        </test-method> <!-- setUp -->
        <test-method signature="testScrollUpWithoutArrowBtnAndScrollDown()[pri:2, instance:PageTests.ScrollUpAndScrollDownFunctioanlityTest@6e4566f1]" started-at="2024-10-02T15:15:59 IST" name="testScrollUpWithoutArrowBtnAndScrollDown" finished-at="2024-10-02T15:16:04 IST" duration-ms="5950" status="PASS">
          <reporter-output>
          </reporter-output>
        </test-method> <!-- testScrollUpWithoutArrowBtnAndScrollDown -->
        <test-method is-config="true" signature="driverQuit()[pri:0, instance:PageTests.ScrollUpAndScrollDownFunctioanlityTest@6e4566f1]" started-at="2024-10-02T15:16:04 IST" name="driverQuit" finished-at="2024-10-02T15:16:08 IST" duration-ms="3271" status="PASS">
          <reporter-output>
          </reporter-output>
        </test-method> <!-- driverQuit -->
      </class> <!-- PageTests.ScrollUpAndScrollDownFunctioanlityTest -->
      <class name="PageTests.AddReviewTest">
        <test-method is-config="true" signature="setUp(java.lang.String)[pri:0, instance:PageTests.AddReviewTest@34f22f9d]" started-at="2024-10-02T15:08:17 IST" name="setUp" finished-at="2024-10-02T15:08:22 IST" duration-ms="5401" status="PASS">
          <params>
            <param index="0">
              <value>
                <![CDATA[firefox]]>
              </value>
            </param>
          </params>
          <reporter-output>
          </reporter-output>
        </test-method> <!-- setUp -->
        <test-method signature="testSubmitReviewForm()[pri:0, instance:PageTests.AddReviewTest@34f22f9d]" started-at="2024-10-02T15:08:22 IST" name="testSubmitReviewForm" description="add review on a product" finished-at="2024-10-02T15:08:40 IST" duration-ms="17729" status="PASS">
          <reporter-output>
          </reporter-output>
        </test-method> <!-- testSubmitReviewForm -->
        <test-method is-config="true" signature="driverQuit()[pri:0, instance:PageTests.AddReviewTest@34f22f9d]" started-at="2024-10-02T15:08:40 IST" name="driverQuit" finished-at="2024-10-02T15:08:43 IST" duration-ms="2894" status="PASS">
          <reporter-output>
          </reporter-output>
        </test-method> <!-- driverQuit -->
      </class> <!-- PageTests.AddReviewTest -->
      <class name="PageTests.HomePageTest">
        <test-method is-config="true" signature="setUp(java.lang.String)[pri:0, instance:PageTests.HomePageTest@48e92c5c]" started-at="2024-10-02T15:12:19 IST" name="setUp" finished-at="2024-10-02T15:12:24 IST" duration-ms="5408" status="PASS">
          <params>
            <param index="0">
              <value>
                <![CDATA[firefox]]>
              </value>
            </param>
          </params>
          <reporter-output>
          </reporter-output>
        </test-method> <!-- setUp -->
        <test-method signature="testNewsLetter()[pri:1, instance:PageTests.HomePageTest@48e92c5c]" started-at="2024-10-02T15:12:24 IST" name="testNewsLetter" description="subscribed to news letter with valid cred" finished-at="2024-10-02T15:12:32 IST" duration-ms="7409" status="PASS">
          <reporter-output>
          </reporter-output>
        </test-method> <!-- testNewsLetter -->
        <test-method is-config="true" signature="driverQuit()[pri:0, instance:PageTests.HomePageTest@48e92c5c]" started-at="2024-10-02T15:12:32 IST" name="driverQuit" finished-at="2024-10-02T15:12:35 IST" duration-ms="3154" status="PASS">
          <reporter-output>
          </reporter-output>
        </test-method> <!-- driverQuit -->
        <test-method is-config="true" signature="setUp(java.lang.String)[pri:0, instance:PageTests.HomePageTest@48e92c5c]" started-at="2024-10-02T15:16:43 IST" name="setUp" finished-at="2024-10-02T15:16:48 IST" duration-ms="5035" status="PASS">
          <params>
            <param index="0">
              <value>
                <![CDATA[firefox]]>
              </value>
            </param>
          </params>
          <reporter-output>
          </reporter-output>
        </test-method> <!-- setUp -->
        <test-method signature="testWithInvalidEmailValidations()[pri:2, instance:PageTests.HomePageTest@48e92c5c]" started-at="2024-10-02T15:16:48 IST" name="testWithInvalidEmailValidations" description="check subscribe to newletter with invalid email validations" finished-at="2024-10-02T15:16:57 IST" duration-ms="9229" status="PASS">
          <reporter-output>
          </reporter-output>
        </test-method> <!-- testWithInvalidEmailValidations -->
        <test-method is-config="true" signature="driverQuit()[pri:0, instance:PageTests.HomePageTest@48e92c5c]" started-at="2024-10-02T15:16:57 IST" name="driverQuit" finished-at="2024-10-02T15:17:00 IST" duration-ms="2773" status="PASS">
          <reporter-output>
          </reporter-output>
        </test-method> <!-- driverQuit -->
      </class> <!-- PageTests.HomePageTest -->
      <class name="PageTests.LogoutUserTests">
        <test-method is-config="true" signature="setUp(java.lang.String)[pri:0, instance:PageTests.LogoutUserTests@4f9a2c08]" started-at="2024-10-02T15:07:22 IST" name="setUp" finished-at="2024-10-02T15:07:30 IST" duration-ms="8146" status="PASS">
          <params>
            <param index="0">
              <value>
                <![CDATA[firefox]]>
              </value>
            </param>
          </params>
          <reporter-output>
          </reporter-output>
        </test-method> <!-- setUp -->
        <test-method signature="logoutUserTest()[pri:0, instance:PageTests.LogoutUserTests@4f9a2c08]" started-at="2024-10-02T15:07:30 IST" name="logoutUserTest" description="verify logout button is working and user is redirected to login page" finished-at="2024-10-02T15:07:48 IST" duration-ms="17840" status="PASS">
          <reporter-output>
          </reporter-output>
        </test-method> <!-- logoutUserTest -->
        <test-method is-config="true" signature="driverQuit()[pri:0, instance:PageTests.LogoutUserTests@4f9a2c08]" started-at="2024-10-02T15:07:48 IST" name="driverQuit" finished-at="2024-10-02T15:07:51 IST" duration-ms="2853" status="PASS">
          <reporter-output>
          </reporter-output>
        </test-method> <!-- driverQuit -->
      </class> <!-- PageTests.LogoutUserTests -->
      <class name="PageTests.SearchProductTest">
        <test-method is-config="true" signature="setUp(java.lang.String)[pri:0, instance:PageTests.SearchProductTest@7d1cfb8b]" started-at="2024-10-02T15:13:37 IST" name="setUp" finished-at="2024-10-02T15:13:41 IST" duration-ms="4709" status="PASS">
          <params>
            <param index="0">
              <value>
                <![CDATA[firefox]]>
              </value>
            </param>
          </params>
          <reporter-output>
          </reporter-output>
        </test-method> <!-- setUp -->
        <test-method signature="testSearchProduct()[pri:1, instance:PageTests.SearchProductTest@7d1cfb8b]" started-at="2024-10-02T15:13:41 IST" name="testSearchProduct" finished-at="2024-10-02T15:13:54 IST" duration-ms="12651" status="FAIL">
          <exception class="java.lang.AssertionError">
            <message>
              <![CDATA[The following asserts failed:
list does not contain the searched product expected [true] but found [false]]]>
            </message>
            <full-stacktrace>
              <![CDATA[java.lang.AssertionError: The following asserts failed:
list does not contain the searched product expected [true] but found [false]
at org.testng.asserts.SoftAssert.assertAll(SoftAssert.java:47)
at org.testng.asserts.SoftAssert.assertAll(SoftAssert.java:31)
at PageTests.SearchProductTest.testSearchProduct(SearchProductTest.java:37)
at java.base/jdk.internal.reflect.NativeMethodAccessorImpl.invoke0(Native Method)
at java.base/jdk.internal.reflect.NativeMethodAccessorImpl.invoke(NativeMethodAccessorImpl.java:77)
at java.base/jdk.internal.reflect.DelegatingMethodAccessorImpl.invoke(DelegatingMethodAccessorImpl.java:43)
at java.base/java.lang.reflect.Method.invoke(Method.java:568)
at org.testng.internal.MethodInvocationHelper.invokeMethod(MethodInvocationHelper.java:133)
at org.testng.internal.TestInvoker.invokeMethod(TestInvoker.java:598)
at org.testng.internal.TestInvoker.invokeTestMethod(TestInvoker.java:173)
at org.testng.internal.MethodRunner.runInSequence(MethodRunner.java:46)
at org.testng.internal.TestInvoker$MethodInvocationAgent.invoke(TestInvoker.java:824)
at org.testng.internal.TestInvoker.invokeTestMethods(TestInvoker.java:146)
at org.testng.internal.TestMethodWorker.invokeTestMethods(TestMethodWorker.java:146)
at org.testng.internal.TestMethodWorker.run(TestMethodWorker.java:128)
at java.base/java.util.ArrayList.forEach(ArrayList.java:1511)
at org.testng.TestRunner.privateRun(TestRunner.java:794)
at org.testng.TestRunner.run(TestRunner.java:596)
at org.testng.SuiteRunner.runTest(SuiteRunner.java:377)
at org.testng.SuiteRunner.access$000(SuiteRunner.java:28)
at org.testng.SuiteRunner$SuiteWorker.run(SuiteRunner.java:418)
at org.testng.internal.thread.ThreadUtil.lambda$execute$0(ThreadUtil.java:64)
at java.base/java.util.concurrent.FutureTask.run(FutureTask.java:264)
at java.base/java.util.concurrent.ThreadPoolExecutor.runWorker(ThreadPoolExecutor.java:1136)
at java.base/java.util.concurrent.ThreadPoolExecutor$Worker.run(ThreadPoolExecutor.java:635)
at java.base/java.lang.Thread.run(Thread.java:840)
]]>
            </full-stacktrace>
          </exception> <!-- java.lang.AssertionError -->
          <reporter-output>
          </reporter-output>
        </test-method> <!-- testSearchProduct -->
        <test-method is-config="true" signature="driverQuit()[pri:0, instance:PageTests.SearchProductTest@7d1cfb8b]" started-at="2024-10-02T15:13:54 IST" name="driverQuit" finished-at="2024-10-02T15:13:57 IST" duration-ms="2673" status="PASS">
          <reporter-output>
          </reporter-output>
        </test-method> <!-- driverQuit -->
        <test-method is-config="true" signature="setUp(java.lang.String)[pri:0, instance:PageTests.SearchProductTest@7d1cfb8b]" started-at="2024-10-02T15:16:08 IST" name="setUp" finished-at="2024-10-02T15:16:13 IST" duration-ms="5110" status="PASS">
          <params>
            <param index="0">
              <value>
                <![CDATA[firefox]]>
              </value>
            </param>
          </params>
          <reporter-output>
          </reporter-output>
        </test-method> <!-- setUp -->
        <test-method signature="testSearchProductAndVerifyCartAfterLogin()[pri:2, instance:PageTests.SearchProductTest@7d1cfb8b]" started-at="2024-10-02T15:16:13 IST" name="testSearchProductAndVerifyCartAfterLogin" finished-at="2024-10-02T15:16:39 IST" duration-ms="26588" status="PASS">
          <reporter-output>
          </reporter-output>
        </test-method> <!-- testSearchProductAndVerifyCartAfterLogin -->
        <test-method is-config="true" signature="driverQuit()[pri:0, instance:PageTests.SearchProductTest@7d1cfb8b]" started-at="2024-10-02T15:16:39 IST" name="driverQuit" finished-at="2024-10-02T15:16:43 IST" duration-ms="3093" status="PASS">
          <reporter-output>
          </reporter-output>
        </test-method> <!-- driverQuit -->
      </class> <!-- PageTests.SearchProductTest -->
      <class name="PageTests.PlaceOrderTest">
        <test-method is-config="true" signature="setUp(java.lang.String)[pri:0, instance:PageTests.PlaceOrderTest@386f0da3]" started-at="2024-10-02T15:09:25 IST" name="setUp" finished-at="2024-10-02T15:09:30 IST" duration-ms="5381" status="PASS">
          <params>
            <param index="0">
              <value>
                <![CDATA[firefox]]>
              </value>
            </param>
          </params>
          <reporter-output>
          </reporter-output>
        </test-method> <!-- setUp -->
        <test-method signature="placeOrderRegisterWhileCheckout()[pri:1, instance:PageTests.PlaceOrderTest@386f0da3]" started-at="2024-10-02T15:09:30 IST" name="placeOrderRegisterWhileCheckout" description="verify order is placed and Register the user while checkout " finished-at="2024-10-02T15:10:26 IST" duration-ms="55460" status="PASS">
          <reporter-output>
          </reporter-output>
        </test-method> <!-- placeOrderRegisterWhileCheckout -->
        <test-method is-config="true" signature="driverQuit()[pri:0, instance:PageTests.PlaceOrderTest@386f0da3]" started-at="2024-10-02T15:10:26 IST" name="driverQuit" finished-at="2024-10-02T15:10:29 IST" duration-ms="2967" status="PASS">
          <reporter-output>
          </reporter-output>
        </test-method> <!-- driverQuit -->
        <test-method is-config="true" signature="setUp(java.lang.String)[pri:0, instance:PageTests.PlaceOrderTest@386f0da3]" started-at="2024-10-02T15:14:19 IST" name="setUp" finished-at="2024-10-02T15:14:24 IST" duration-ms="5171" status="PASS">
          <params>
            <param index="0">
              <value>
                <![CDATA[firefox]]>
              </value>
            </param>
          </params>
          <reporter-output>
          </reporter-output>
        </test-method> <!-- setUp -->
        <test-method signature="placeOrderRegisterBeforeCheckout()[pri:2, instance:PageTests.PlaceOrderTest@386f0da3]" started-at="2024-10-02T15:14:24 IST" name="placeOrderRegisterBeforeCheckout" description="verify order is placed and Register before checkout " finished-at="2024-10-02T15:15:12 IST" duration-ms="47788" status="PASS">
          <reporter-output>
          </reporter-output>
        </test-method> <!-- placeOrderRegisterBeforeCheckout -->
        <test-method is-config="true" signature="driverQuit()[pri:0, instance:PageTests.PlaceOrderTest@386f0da3]" started-at="2024-10-02T15:15:12 IST" name="driverQuit" finished-at="2024-10-02T15:15:15 IST" duration-ms="2897" status="PASS">
          <reporter-output>
          </reporter-output>
        </test-method> <!-- driverQuit -->
        <test-method is-config="true" signature="setUp(java.lang.String)[pri:0, instance:PageTests.PlaceOrderTest@386f0da3]" started-at="2024-10-02T15:17:00 IST" name="setUp" finished-at="2024-10-02T15:17:05 IST" duration-ms="4983" status="PASS">
          <params>
            <param index="0">
              <value>
                <![CDATA[firefox]]>
              </value>
            </param>
          </params>
          <reporter-output>
          </reporter-output>
        </test-method> <!-- setUp -->
        <test-method signature="placeOrderLoginBeforeCheckout()[pri:3, instance:PageTests.PlaceOrderTest@386f0da3]" started-at="2024-10-02T15:17:05 IST" name="placeOrderLoginBeforeCheckout" description="verify order is placed and Login before checkout " finished-at="2024-10-02T15:17:43 IST" duration-ms="38732" status="PASS">
          <reporter-output>
          </reporter-output>
        </test-method> <!-- placeOrderLoginBeforeCheckout -->
        <test-method is-config="true" signature="driverQuit()[pri:0, instance:PageTests.PlaceOrderTest@386f0da3]" started-at="2024-10-02T15:17:43 IST" name="driverQuit" finished-at="2024-10-02T15:17:47 IST" duration-ms="3260" status="PASS">
          <reporter-output>
          </reporter-output>
        </test-method> <!-- driverQuit -->
      </class> <!-- PageTests.PlaceOrderTest -->
      <class name="PageTests.AllProductAndDetailsTests">
        <test-method is-config="true" signature="setUp(java.lang.String)[pri:0, instance:PageTests.AllProductAndDetailsTests@63787180]" started-at="2024-10-02T15:07:52 IST" name="setUp" finished-at="2024-10-02T15:08:00 IST" duration-ms="7658" status="PASS">
          <params>
            <param index="0">
              <value>
                <![CDATA[firefox]]>
              </value>
            </param>
          </params>
          <reporter-output>
          </reporter-output>
        </test-method> <!-- setUp -->
        <test-method signature="testGetAllProductAndDetails()[pri:0, instance:PageTests.AllProductAndDetailsTests@63787180]" started-at="2024-10-02T15:08:00 IST" name="testGetAllProductAndDetails" description="Verify that detail  is visible: product name, category, price, availability, condition, brand" finished-at="2024-10-02T15:08:14 IST" duration-ms="14311" status="PASS">
          <reporter-output>
          </reporter-output>
        </test-method> <!-- testGetAllProductAndDetails -->
        <test-method is-config="true" signature="driverQuit()[pri:0, instance:PageTests.AllProductAndDetailsTests@63787180]" started-at="2024-10-02T15:08:14 IST" name="driverQuit" finished-at="2024-10-02T15:08:17 IST" duration-ms="2716" status="PASS">
          <reporter-output>
          </reporter-output>
        </test-method> <!-- driverQuit -->
      </class> <!-- PageTests.AllProductAndDetailsTests -->
      <class name="PageTests.CartPageTest">
        <test-method is-config="true" signature="setUp(java.lang.String)[pri:0, instance:PageTests.CartPageTest@2e1ef60]" started-at="2024-10-02T15:17:47 IST" name="setUp" finished-at="2024-10-02T15:17:51 IST" duration-ms="4867" status="PASS">
          <params>
            <param index="0">
              <value>
                <![CDATA[firefox]]>
              </value>
            </param>
          </params>
          <reporter-output>
          </reporter-output>
        </test-method> <!-- setUp -->
        <test-method signature="testRemoveProductFromCart()[pri:4, instance:PageTests.CartPageTest@2e1ef60]" started-at="2024-10-02T15:17:51 IST" name="testRemoveProductFromCart" description="remove items from cart" finished-at="2024-10-02T15:18:19 IST" duration-ms="28008" status="PASS">
          <reporter-output>
          </reporter-output>
        </test-method> <!-- testRemoveProductFromCart -->
        <test-method is-config="true" signature="driverQuit()[pri:0, instance:PageTests.CartPageTest@2e1ef60]" started-at="2024-10-02T15:18:19 IST" name="driverQuit" finished-at="2024-10-02T15:18:22 IST" duration-ms="2658" status="PASS">
          <reporter-output>
          </reporter-output>
        </test-method> <!-- driverQuit -->
      </class> <!-- PageTests.CartPageTest -->
      <class name="PageTests.ContactUsFormTests">
        <test-method is-config="true" signature="setUp(java.lang.String)[pri:0, instance:PageTests.ContactUsFormTests@a87f8ec]" started-at="2024-10-02T15:10:29 IST" name="setUp" finished-at="2024-10-02T15:10:35 IST" duration-ms="6376" status="PASS">
          <params>
            <param index="0">
              <value>
                <![CDATA[firefox]]>
              </value>
            </param>
          </params>
          <reporter-output>
          </reporter-output>
        </test-method> <!-- setUp -->
        <test-method signature="testContactUsForm()[pri:1, instance:PageTests.ContactUsFormTests@a87f8ec]" started-at="2024-10-02T15:10:35 IST" name="testContactUsForm" description="fill the contact us form and verify after form sub user redirects to homepage" finished-at="2024-10-02T15:10:48 IST" duration-ms="12699" status="PASS">
          <reporter-output>
          </reporter-output>
        </test-method> <!-- testContactUsForm -->
        <test-method is-config="true" signature="driverQuit()[pri:0, instance:PageTests.ContactUsFormTests@a87f8ec]" started-at="2024-10-02T15:10:48 IST" name="driverQuit" finished-at="2024-10-02T15:10:51 IST" duration-ms="2802" status="PASS">
          <reporter-output>
          </reporter-output>
        </test-method> <!-- driverQuit -->
      </class> <!-- PageTests.ContactUsFormTests -->
      <class name="PageTests.LoginPageTests">
        <test-method is-config="true" signature="setUp(java.lang.String)[pri:0, instance:PageTests.LoginPageTests@33308786]" started-at="2024-10-02T15:11:57 IST" name="setUp" finished-at="2024-10-02T15:12:02 IST" duration-ms="5123" status="PASS">
          <params>
            <param index="0">
              <value>
                <![CDATA[firefox]]>
              </value>
            </param>
          </params>
          <reporter-output>
          </reporter-output>
        </test-method> <!-- setUp -->
        <test-method signature="testLoginWithValidCredentials()[pri:1, instance:PageTests.LoginPageTests@33308786]" started-at="2024-10-02T15:12:02 IST" name="testLoginWithValidCredentials" description="login with Valid credentials" finished-at="2024-10-02T15:12:16 IST" duration-ms="14081" status="PASS">
          <reporter-output>
          </reporter-output>
        </test-method> <!-- testLoginWithValidCredentials -->
        <test-method is-config="true" signature="driverQuit()[pri:0, instance:PageTests.LoginPageTests@33308786]" started-at="2024-10-02T15:12:16 IST" name="driverQuit" finished-at="2024-10-02T15:12:19 IST" duration-ms="2778" status="PASS">
          <reporter-output>
          </reporter-output>
        </test-method> <!-- driverQuit -->
        <test-method is-config="true" signature="setUp(java.lang.String)[pri:0, instance:PageTests.LoginPageTests@33308786]" started-at="2024-10-02T15:15:35 IST" name="setUp" finished-at="2024-10-02T15:15:40 IST" duration-ms="5117" status="PASS">
          <params>
            <param index="0">
              <value>
                <![CDATA[firefox]]>
              </value>
            </param>
          </params>
          <reporter-output>
          </reporter-output>
        </test-method> <!-- setUp -->
        <test-method signature="testLoginWithInvalidCredentials()[pri:2, instance:PageTests.LoginPageTests@33308786]" started-at="2024-10-02T15:15:40 IST" name="testLoginWithInvalidCredentials" description="login with Invalid credentials" finished-at="2024-10-02T15:15:51 IST" duration-ms="10585" status="FAIL">
          <exception class="java.lang.AssertionError">
            <message>
              <![CDATA[expected [Login to your account] but found [Your email or password is incorrect!]]]>
            </message>
            <full-stacktrace>
              <![CDATA[java.lang.AssertionError: expected [Login to your account] but found [Your email or password is incorrect!]
at org.testng.Assert.fail(Assert.java:99)
at org.testng.Assert.failNotEquals(Assert.java:1037)
at org.testng.Assert.assertEqualsImpl(Assert.java:140)
at org.testng.Assert.assertEquals(Assert.java:122)
at org.testng.Assert.assertEquals(Assert.java:629)
at org.testng.Assert.assertEquals(Assert.java:639)
at PageTests.LoginPageTests.testLoginWithInvalidCredentials(LoginPageTests.java:39)
at java.base/jdk.internal.reflect.NativeMethodAccessorImpl.invoke0(Native Method)
at java.base/jdk.internal.reflect.NativeMethodAccessorImpl.invoke(NativeMethodAccessorImpl.java:77)
at java.base/jdk.internal.reflect.DelegatingMethodAccessorImpl.invoke(DelegatingMethodAccessorImpl.java:43)
at java.base/java.lang.reflect.Method.invoke(Method.java:568)
at org.testng.internal.MethodInvocationHelper.invokeMethod(MethodInvocationHelper.java:133)
at org.testng.internal.TestInvoker.invokeMethod(TestInvoker.java:598)
at org.testng.internal.TestInvoker.invokeTestMethod(TestInvoker.java:173)
at org.testng.internal.MethodRunner.runInSequence(MethodRunner.java:46)
at org.testng.internal.TestInvoker$MethodInvocationAgent.invoke(TestInvoker.java:824)
at org.testng.internal.TestInvoker.invokeTestMethods(TestInvoker.java:146)
at org.testng.internal.TestMethodWorker.invokeTestMethods(TestMethodWorker.java:146)
at org.testng.internal.TestMethodWorker.run(TestMethodWorker.java:128)
at java.base/java.util.ArrayList.forEach(ArrayList.java:1511)
at org.testng.TestRunner.privateRun(TestRunner.java:794)
at org.testng.TestRunner.run(TestRunner.java:596)
at org.testng.SuiteRunner.runTest(SuiteRunner.java:377)
at org.testng.SuiteRunner.access$000(SuiteRunner.java:28)
at org.testng.SuiteRunner$SuiteWorker.run(SuiteRunner.java:418)
at org.testng.internal.thread.ThreadUtil.lambda$execute$0(ThreadUtil.java:64)
at java.base/java.util.concurrent.FutureTask.run(FutureTask.java:264)
at java.base/java.util.concurrent.ThreadPoolExecutor.runWorker(ThreadPoolExecutor.java:1136)
at java.base/java.util.concurrent.ThreadPoolExecutor$Worker.run(ThreadPoolExecutor.java:635)
at java.base/java.lang.Thread.run(Thread.java:840)
]]>
            </full-stacktrace>
          </exception> <!-- java.lang.AssertionError -->
          <reporter-output>
          </reporter-output>
        </test-method> <!-- testLoginWithInvalidCredentials -->
        <test-method is-config="true" signature="driverQuit()[pri:0, instance:PageTests.LoginPageTests@33308786]" started-at="2024-10-02T15:15:51 IST" name="driverQuit" finished-at="2024-10-02T15:15:54 IST" duration-ms="2682" status="PASS">
          <reporter-output>
          </reporter-output>
        </test-method> <!-- driverQuit -->
      </class> <!-- PageTests.LoginPageTests -->
      <class name="PageTests.ViewCategoryProductsTest">
        <test-method is-config="true" signature="setUp(java.lang.String)[pri:0, instance:PageTests.ViewCategoryProductsTest@39655d3e]" started-at="2024-10-02T15:13:57 IST" name="setUp" finished-at="2024-10-02T15:14:02 IST" duration-ms="4828" status="PASS">
          <params>
            <param index="0">
              <value>
                <![CDATA[firefox]]>
              </value>
            </param>
          </params>
          <reporter-output>
          </reporter-output>
        </test-method> <!-- setUp -->
        <test-method signature="testViewCategoryProducts()[pri:1, instance:PageTests.ViewCategoryProductsTest@39655d3e]" started-at="2024-10-02T15:14:02 IST" name="testViewCategoryProducts" description="verify user is on sub category page" finished-at="2024-10-02T15:14:16 IST" duration-ms="14843" status="PASS">
          <reporter-output>
          </reporter-output>
        </test-method> <!-- testViewCategoryProducts -->
        <test-method is-config="true" signature="driverQuit()[pri:0, instance:PageTests.ViewCategoryProductsTest@39655d3e]" started-at="2024-10-02T15:14:16 IST" name="driverQuit" finished-at="2024-10-02T15:14:19 IST" duration-ms="2817" status="PASS">
          <reporter-output>
          </reporter-output>
        </test-method> <!-- driverQuit -->
      </class> <!-- PageTests.ViewCategoryProductsTest -->
      <class name="PageTests.ProductQuantityInCartTest">
        <test-method is-config="true" signature="setUp(java.lang.String)[pri:0, instance:PageTests.ProductQuantityInCartTest@22356acd]" started-at="2024-10-02T15:08:59 IST" name="setUp" finished-at="2024-10-02T15:09:04 IST" duration-ms="4997" status="PASS">
          <params>
            <param index="0">
              <value>
                <![CDATA[firefox]]>
              </value>
            </param>
          </params>
          <reporter-output>
          </reporter-output>
        </test-method> <!-- setUp -->
        <test-method signature="verifyProductQuantityTest()[pri:0, instance:PageTests.ProductQuantityInCartTest@22356acd]" started-at="2024-10-02T15:09:04 IST" name="verifyProductQuantityTest" description="verify product quantity" finished-at="2024-10-02T15:09:21 IST" duration-ms="17138" status="PASS">
          <reporter-output>
          </reporter-output>
        </test-method> <!-- verifyProductQuantityTest -->
        <test-method is-config="true" signature="driverQuit()[pri:0, instance:PageTests.ProductQuantityInCartTest@22356acd]" started-at="2024-10-02T15:09:21 IST" name="driverQuit" finished-at="2024-10-02T15:09:25 IST" duration-ms="3516" status="PASS">
          <reporter-output>
          </reporter-output>
        </test-method> <!-- driverQuit -->
      </class> <!-- PageTests.ProductQuantityInCartTest -->
      <class name="PageTests.DownloadInvoiceAfterCheckout">
        <test-method is-config="true" signature="setUp(java.lang.String)[pri:0, instance:PageTests.DownloadInvoiceAfterCheckout@7dda48d9]" started-at="2024-10-02T15:10:51 IST" name="setUp" finished-at="2024-10-02T15:10:56 IST" duration-ms="5370" status="PASS">
          <params>
            <param index="0">
              <value>
                <![CDATA[firefox]]>
              </value>
            </param>
          </params>
          <reporter-output>
          </reporter-output>
        </test-method> <!-- setUp -->
        <test-method signature="testDownloadInvoiceAfterCheckout()[pri:1, instance:PageTests.DownloadInvoiceAfterCheckout@7dda48d9]" started-at="2024-10-02T15:10:56 IST" name="testDownloadInvoiceAfterCheckout" finished-at="2024-10-02T15:11:53 IST" duration-ms="57182" status="PASS">
          <reporter-output>
          </reporter-output>
        </test-method> <!-- testDownloadInvoiceAfterCheckout -->
        <test-method is-config="true" signature="driverQuit()[pri:0, instance:PageTests.DownloadInvoiceAfterCheckout@7dda48d9]" started-at="2024-10-02T15:11:53 IST" name="driverQuit" finished-at="2024-10-02T15:11:57 IST" duration-ms="3748" status="PASS">
          <reporter-output>
          </reporter-output>
        </test-method> <!-- driverQuit -->
      </class> <!-- PageTests.DownloadInvoiceAfterCheckout -->
      <class name="PageTests.RegisterPageTests">
        <test-method is-config="true" signature="setUp(java.lang.String)[pri:0, instance:PageTests.RegisterPageTests@42039326]" started-at="2024-10-02T15:12:35 IST" name="setUp" finished-at="2024-10-02T15:12:41 IST" duration-ms="5814" status="PASS">
          <params>
            <param index="0">
              <value>
                <![CDATA[firefox]]>
              </value>
            </param>
          </params>
          <reporter-output>
          </reporter-output>
        </test-method> <!-- setUp -->
        <test-method signature="testRegisterUser()[pri:1, instance:PageTests.RegisterPageTests@42039326]" started-at="2024-10-02T15:12:41 IST" name="testRegisterUser" description="Register a new user and verify the deletion of the account" finished-at="2024-10-02T15:13:17 IST" duration-ms="36555" status="PASS">
          <reporter-output>
          </reporter-output>
        </test-method> <!-- testRegisterUser -->
        <test-method is-config="true" signature="driverQuit()[pri:0, instance:PageTests.RegisterPageTests@42039326]" started-at="2024-10-02T15:13:17 IST" name="driverQuit" finished-at="2024-10-02T15:13:21 IST" duration-ms="3649" status="PASS">
          <reporter-output>
          </reporter-output>
        </test-method> <!-- driverQuit -->
        <test-method is-config="true" signature="setUp(java.lang.String)[pri:0, instance:PageTests.RegisterPageTests@42039326]" started-at="2024-10-02T15:15:15 IST" name="setUp" finished-at="2024-10-02T15:15:20 IST" duration-ms="4937" status="PASS">
          <params>
            <param index="0">
              <value>
                <![CDATA[firefox]]>
              </value>
            </param>
          </params>
          <reporter-output>
          </reporter-output>
        </test-method> <!-- setUp -->
        <test-method signature="testAlreadyRegisterUser()[pri:2, instance:PageTests.RegisterPageTests@42039326]" started-at="2024-10-02T15:15:20 IST" name="testAlreadyRegisterUser" description="Register with already existing user" finished-at="2024-10-02T15:15:33 IST" duration-ms="12649" status="PASS">
          <reporter-output>
          </reporter-output>
        </test-method> <!-- testAlreadyRegisterUser -->
        <test-method is-config="true" signature="driverQuit()[pri:0, instance:PageTests.RegisterPageTests@42039326]" started-at="2024-10-02T15:15:33 IST" name="driverQuit" finished-at="2024-10-02T15:15:35 IST" duration-ms="2608" status="PASS">
          <reporter-output>
          </reporter-output>
        </test-method> <!-- driverQuit -->
      </class> <!-- PageTests.RegisterPageTests -->
    </test> <!-- FirefoxTest -->
    <test started-at="2024-10-02T15:07:22 IST" name="ChromeTest" finished-at="2024-10-02T15:18:37 IST" duration-ms="675100">
      <class name="PageTests.TestCasesPageTests">
        <test-method is-config="true" signature="setUp(java.lang.String)[pri:0, instance:PageTests.TestCasesPageTests@2bd08376]" started-at="2024-10-02T15:08:54 IST" name="setUp" finished-at="2024-10-02T15:08:57 IST" duration-ms="2591" status="PASS">
          <params>
            <param index="0">
              <value>
                <![CDATA[chrome]]>
              </value>
            </param>
          </params>
          <reporter-output>
          </reporter-output>
        </test-method> <!-- setUp -->
        <test-method signature="testTestCasesPage()[pri:0, instance:PageTests.TestCasesPageTests@2bd08376]" started-at="2024-10-02T15:08:57 IST" name="testTestCasesPage" description="verify the testcase button is clickable and redirecting to testCases page" finished-at="2024-10-02T15:09:05 IST" duration-ms="8523" status="PASS">
          <reporter-output>
          </reporter-output>
        </test-method> <!-- testTestCasesPage -->
        <test-method is-config="true" signature="driverQuit()[pri:0, instance:PageTests.TestCasesPageTests@2bd08376]" started-at="2024-10-02T15:09:05 IST" name="driverQuit" finished-at="2024-10-02T15:09:06 IST" duration-ms="888" status="PASS">
          <reporter-output>
          </reporter-output>
        </test-method> <!-- driverQuit -->
      </class> <!-- PageTests.TestCasesPageTests -->
      <class name="PageTests.AddToCartFromRecommended">
        <test-method is-config="true" signature="setUp(java.lang.String)[pri:0, instance:PageTests.AddToCartFromRecommended@7749bf93]" started-at="2024-10-02T15:07:57 IST" name="setUp" finished-at="2024-10-02T15:08:01 IST" duration-ms="3390" status="PASS">
          <params>
            <param index="0">
              <value>
                <![CDATA[chrome]]>
              </value>
            </param>
          </params>
          <reporter-output>
          </reporter-output>
        </test-method> <!-- setUp -->
        <test-method signature="testAddToCartFromRecommendedCarousel()[pri:0, instance:PageTests.AddToCartFromRecommended@7749bf93]" started-at="2024-10-02T15:08:01 IST" name="testAddToCartFromRecommendedCarousel" description="verify item is added to cart from recommended carousel" finished-at="2024-10-02T15:08:21 IST" duration-ms="20362" status="PASS">
          <reporter-output>
          </reporter-output>
        </test-method> <!-- testAddToCartFromRecommendedCarousel -->
        <test-method is-config="true" signature="driverQuit()[pri:0, instance:PageTests.AddToCartFromRecommended@7749bf93]" started-at="2024-10-02T15:08:21 IST" name="driverQuit" finished-at="2024-10-02T15:08:22 IST" duration-ms="1563" status="PASS">
          <reporter-output>
          </reporter-output>
        </test-method> <!-- driverQuit -->
      </class> <!-- PageTests.AddToCartFromRecommended -->
      <class name="PageTests.ScrollUpAndScrollDownFunctioanlityTest">
        <test-method is-config="true" signature="setUp(java.lang.String)[pri:0, instance:PageTests.ScrollUpAndScrollDownFunctioanlityTest@539d019]" started-at="2024-10-02T15:12:58 IST" name="setUp" finished-at="2024-10-02T15:13:01 IST" duration-ms="2447" status="PASS">
          <params>
            <param index="0">
              <value>
                <![CDATA[chrome]]>
              </value>
            </param>
          </params>
          <reporter-output>
          </reporter-output>
        </test-method> <!-- setUp -->
        <test-method signature="testScrollUpAndDown()[pri:1, instance:PageTests.ScrollUpAndScrollDownFunctioanlityTest@539d019]" started-at="2024-10-02T15:13:01 IST" name="testScrollUpAndDown" finished-at="2024-10-02T15:13:15 IST" duration-ms="14642" status="PASS">
          <reporter-output>
          </reporter-output>
        </test-method> <!-- testScrollUpAndDown -->
        <test-method is-config="true" signature="driverQuit()[pri:0, instance:PageTests.ScrollUpAndScrollDownFunctioanlityTest@539d019]" started-at="2024-10-02T15:13:15 IST" name="driverQuit" finished-at="2024-10-02T15:13:16 IST" duration-ms="1029" status="PASS">
          <reporter-output>
          </reporter-output>
        </test-method> <!-- driverQuit -->
        <test-method is-config="true" signature="setUp(java.lang.String)[pri:0, instance:PageTests.ScrollUpAndScrollDownFunctioanlityTest@539d019]" started-at="2024-10-02T15:16:04 IST" name="setUp" finished-at="2024-10-02T15:16:06 IST" duration-ms="2751" status="PASS">
          <params>
            <param index="0">
              <value>
                <![CDATA[chrome]]>
              </value>
            </param>
          </params>
          <reporter-output>
          </reporter-output>
        </test-method> <!-- setUp -->
        <test-method signature="testScrollUpWithoutArrowBtnAndScrollDown()[pri:2, instance:PageTests.ScrollUpAndScrollDownFunctioanlityTest@539d019]" started-at="2024-10-02T15:16:06 IST" name="testScrollUpWithoutArrowBtnAndScrollDown" finished-at="2024-10-02T15:16:11 IST" duration-ms="4960" status="PASS">
          <reporter-output>
          </reporter-output>
        </test-method> <!-- testScrollUpWithoutArrowBtnAndScrollDown -->
        <test-method is-config="true" signature="driverQuit()[pri:0, instance:PageTests.ScrollUpAndScrollDownFunctioanlityTest@539d019]" started-at="2024-10-02T15:16:11 IST" name="driverQuit" finished-at="2024-10-02T15:16:12 IST" duration-ms="945" status="PASS">
          <reporter-output>
          </reporter-output>
        </test-method> <!-- driverQuit -->
      </class> <!-- PageTests.ScrollUpAndScrollDownFunctioanlityTest -->
      <class name="PageTests.AddReviewTest">
        <test-method is-config="true" signature="setUp(java.lang.String)[pri:0, instance:PageTests.AddReviewTest@1b84f475]" started-at="2024-10-02T15:08:37 IST" name="setUp" finished-at="2024-10-02T15:08:40 IST" duration-ms="2987" status="PASS">
          <params>
            <param index="0">
              <value>
                <![CDATA[chrome]]>
              </value>
            </param>
          </params>
          <reporter-output>
          </reporter-output>
        </test-method> <!-- setUp -->
        <test-method signature="testSubmitReviewForm()[pri:0, instance:PageTests.AddReviewTest@1b84f475]" started-at="2024-10-02T15:08:40 IST" name="testSubmitReviewForm" description="add review on a product" finished-at="2024-10-02T15:08:53 IST" duration-ms="12850" status="PASS">
          <reporter-output>
          </reporter-output>
        </test-method> <!-- testSubmitReviewForm -->
        <test-method is-config="true" signature="driverQuit()[pri:0, instance:PageTests.AddReviewTest@1b84f475]" started-at="2024-10-02T15:08:53 IST" name="driverQuit" finished-at="2024-10-02T15:08:54 IST" duration-ms="1011" status="PASS">
          <reporter-output>
          </reporter-output>
        </test-method> <!-- driverQuit -->
      </class> <!-- PageTests.AddReviewTest -->
      <class name="PageTests.HomePageTest">
        <test-method is-config="true" signature="setUp(java.lang.String)[pri:0, instance:PageTests.HomePageTest@7a1234bf]" started-at="2024-10-02T15:12:08 IST" name="setUp" finished-at="2024-10-02T15:12:11 IST" duration-ms="2710" status="PASS">
          <params>
            <param index="0">
              <value>
                <![CDATA[chrome]]>
              </value>
            </param>
          </params>
          <reporter-output>
          </reporter-output>
        </test-method> <!-- setUp -->
        <test-method signature="testNewsLetter()[pri:1, instance:PageTests.HomePageTest@7a1234bf]" started-at="2024-10-02T15:12:11 IST" name="testNewsLetter" description="subscribed to news letter with valid cred" finished-at="2024-10-02T15:12:17 IST" duration-ms="5906" status="PASS">
          <reporter-output>
          </reporter-output>
        </test-method> <!-- testNewsLetter -->
        <test-method is-config="true" signature="driverQuit()[pri:0, instance:PageTests.HomePageTest@7a1234bf]" started-at="2024-10-02T15:12:17 IST" name="driverQuit" finished-at="2024-10-02T15:12:18 IST" duration-ms="1018" status="PASS">
          <reporter-output>
          </reporter-output>
        </test-method> <!-- driverQuit -->
        <test-method is-config="true" signature="setUp(java.lang.String)[pri:0, instance:PageTests.HomePageTest@7a1234bf]" started-at="2024-10-02T15:17:07 IST" name="setUp" finished-at="2024-10-02T15:17:10 IST" duration-ms="2539" status="PASS">
          <params>
            <param index="0">
              <value>
                <![CDATA[chrome]]>
              </value>
            </param>
          </params>
          <reporter-output>
          </reporter-output>
        </test-method> <!-- setUp -->
        <test-method signature="testWithInvalidEmailValidations()[pri:2, instance:PageTests.HomePageTest@7a1234bf]" started-at="2024-10-02T15:17:10 IST" name="testWithInvalidEmailValidations" description="check subscribe to newletter with invalid email validations" finished-at="2024-10-02T15:17:17 IST" duration-ms="6917" status="PASS">
          <reporter-output>
          </reporter-output>
        </test-method> <!-- testWithInvalidEmailValidations -->
        <test-method is-config="true" signature="driverQuit()[pri:0, instance:PageTests.HomePageTest@7a1234bf]" started-at="2024-10-02T15:17:17 IST" name="driverQuit" finished-at="2024-10-02T15:17:18 IST" duration-ms="930" status="PASS">
          <reporter-output>
          </reporter-output>
        </test-method> <!-- driverQuit -->
      </class> <!-- PageTests.HomePageTest -->
      <class name="PageTests.SearchProductTest">
        <test-method is-config="true" signature="setUp(java.lang.String)[pri:0, instance:PageTests.SearchProductTest@2b76ff4e]" started-at="2024-10-02T15:13:16 IST" name="setUp" finished-at="2024-10-02T15:13:19 IST" duration-ms="2679" status="PASS">
          <params>
            <param index="0">
              <value>
                <![CDATA[chrome]]>
              </value>
            </param>
          </params>
          <reporter-output>
          </reporter-output>
        </test-method> <!-- setUp -->
        <test-method signature="testSearchProduct()[pri:1, instance:PageTests.SearchProductTest@2b76ff4e]" started-at="2024-10-02T15:13:19 IST" name="testSearchProduct" finished-at="2024-10-02T15:13:30 IST" duration-ms="10932" status="FAIL">
          <exception class="java.lang.AssertionError">
            <message>
              <![CDATA[The following asserts failed:
list does not contain the searched product expected [true] but found [false]]]>
            </message>
            <full-stacktrace>
              <![CDATA[java.lang.AssertionError: The following asserts failed:
list does not contain the searched product expected [true] but found [false]
at org.testng.asserts.SoftAssert.assertAll(SoftAssert.java:47)
at org.testng.asserts.SoftAssert.assertAll(SoftAssert.java:31)
at PageTests.SearchProductTest.testSearchProduct(SearchProductTest.java:37)
at java.base/jdk.internal.reflect.NativeMethodAccessorImpl.invoke0(Native Method)
at java.base/jdk.internal.reflect.NativeMethodAccessorImpl.invoke(NativeMethodAccessorImpl.java:77)
at java.base/jdk.internal.reflect.DelegatingMethodAccessorImpl.invoke(DelegatingMethodAccessorImpl.java:43)
at java.base/java.lang.reflect.Method.invoke(Method.java:568)
at org.testng.internal.MethodInvocationHelper.invokeMethod(MethodInvocationHelper.java:133)
at org.testng.internal.TestInvoker.invokeMethod(TestInvoker.java:598)
at org.testng.internal.TestInvoker.invokeTestMethod(TestInvoker.java:173)
at org.testng.internal.MethodRunner.runInSequence(MethodRunner.java:46)
at org.testng.internal.TestInvoker$MethodInvocationAgent.invoke(TestInvoker.java:824)
at org.testng.internal.TestInvoker.invokeTestMethods(TestInvoker.java:146)
at org.testng.internal.TestMethodWorker.invokeTestMethods(TestMethodWorker.java:146)
at org.testng.internal.TestMethodWorker.run(TestMethodWorker.java:128)
at java.base/java.util.ArrayList.forEach(ArrayList.java:1511)
at org.testng.TestRunner.privateRun(TestRunner.java:794)
at org.testng.TestRunner.run(TestRunner.java:596)
at org.testng.SuiteRunner.runTest(SuiteRunner.java:377)
at org.testng.SuiteRunner.access$000(SuiteRunner.java:28)
at org.testng.SuiteRunner$SuiteWorker.run(SuiteRunner.java:418)
at org.testng.internal.thread.ThreadUtil.lambda$execute$0(ThreadUtil.java:64)
at java.base/java.util.concurrent.FutureTask.run(FutureTask.java:264)
at java.base/java.util.concurrent.ThreadPoolExecutor.runWorker(ThreadPoolExecutor.java:1136)
at java.base/java.util.concurrent.ThreadPoolExecutor$Worker.run(ThreadPoolExecutor.java:635)
at java.base/java.lang.Thread.run(Thread.java:840)
]]>
            </full-stacktrace>
          </exception> <!-- java.lang.AssertionError -->
          <reporter-output>
          </reporter-output>
        </test-method> <!-- testSearchProduct -->
        <test-method is-config="true" signature="driverQuit()[pri:0, instance:PageTests.SearchProductTest@2b76ff4e]" started-at="2024-10-02T15:13:30 IST" name="driverQuit" finished-at="2024-10-02T15:13:31 IST" duration-ms="1032" status="PASS">
          <reporter-output>
          </reporter-output>
        </test-method> <!-- driverQuit -->
        <test-method is-config="true" signature="setUp(java.lang.String)[pri:0, instance:PageTests.SearchProductTest@2b76ff4e]" started-at="2024-10-02T15:16:12 IST" name="setUp" finished-at="2024-10-02T15:16:15 IST" duration-ms="2779" status="PASS">
          <params>
            <param index="0">
              <value>
                <![CDATA[chrome]]>
              </value>
            </param>
          </params>
          <reporter-output>
          </reporter-output>
        </test-method> <!-- setUp -->
        <test-method retried="true" signature="testSearchProductAndVerifyCartAfterLogin()[pri:2, instance:PageTests.SearchProductTest@2b76ff4e]" started-at="2024-10-02T15:16:15 IST" name="testSearchProductAndVerifyCartAfterLogin" finished-at="2024-10-02T15:16:27 IST" duration-ms="11815" status="SKIP">
          <exception class="org.openqa.selenium.ElementNotInteractableException">
            <message>
              <![CDATA[element not interactable
  (Session info: chrome=129.0.6668.70)
Build info: version: '4.21.0', revision: '79ed462ef4'
System info: os.name: 'Windows 11', os.arch: 'amd64', os.version: '10.0', java.version: '17.0.11'
Driver info: org.openqa.selenium.chrome.ChromeDriver
Command: [bcf66be295899673693e2a2db0bf5910, clickElement {id=f.EF45F3A58C8C055472AA9BCB3D002FCC.d.BF5AC1F6E71E87ECEA51E7ED4C7A2F96.e.3681}]
Capabilities {acceptInsecureCerts: false, browserName: chrome, browserVersion: 129.0.6668.70, chrome: {chromedriverVersion: 129.0.6668.89 (951c0b97221f..., userDataDir: C:\Users\Ramita\AppData\Loc...}, fedcm:accounts: true, goog:chromeOptions: {debuggerAddress: localhost:50641}, networkConnectionEnabled: false, pageLoadStrategy: normal, platformName: windows, proxy: Proxy(), se:cdp: ws://localhost:50641/devtoo..., se:cdpVersion: 129.0.6668.70, setWindowRect: true, strictFileInteractability: false, timeouts: {implicit: 0, pageLoad: 300000, script: 30000}, unhandledPromptBehavior: dismiss and notify, webauthn:extension:credBlob: true, webauthn:extension:largeBlob: true, webauthn:extension:minPinLength: true, webauthn:extension:prf: true, webauthn:virtualAuthenticators: true}
Element: [[ChromeDriver: chrome on windows (bcf66be295899673693e2a2db0bf5910)] -> xpath: //button[contains(@class,'btn btn-success close-modal btn-block')]]
Session ID: bcf66be295899673693e2a2db0bf5910]]>
            </message>
            <full-stacktrace>
              <![CDATA[org.openqa.selenium.ElementNotInteractableException: element not interactable
  (Session info: chrome=129.0.6668.70)
Build info: version: '4.21.0', revision: '79ed462ef4'
System info: os.name: 'Windows 11', os.arch: 'amd64', os.version: '10.0', java.version: '17.0.11'
Driver info: org.openqa.selenium.chrome.ChromeDriver
Command: [bcf66be295899673693e2a2db0bf5910, clickElement {id=f.EF45F3A58C8C055472AA9BCB3D002FCC.d.BF5AC1F6E71E87ECEA51E7ED4C7A2F96.e.3681}]
Capabilities {acceptInsecureCerts: false, browserName: chrome, browserVersion: 129.0.6668.70, chrome: {chromedriverVersion: 129.0.6668.89 (951c0b97221f..., userDataDir: C:\Users\Ramita\AppData\Loc...}, fedcm:accounts: true, goog:chromeOptions: {debuggerAddress: localhost:50641}, networkConnectionEnabled: false, pageLoadStrategy: normal, platformName: windows, proxy: Proxy(), se:cdp: ws://localhost:50641/devtoo..., se:cdpVersion: 129.0.6668.70, setWindowRect: true, strictFileInteractability: false, timeouts: {implicit: 0, pageLoad: 300000, script: 30000}, unhandledPromptBehavior: dismiss and notify, webauthn:extension:credBlob: true, webauthn:extension:largeBlob: true, webauthn:extension:minPinLength: true, webauthn:extension:prf: true, webauthn:virtualAuthenticators: true}
Element: [[ChromeDriver: chrome on windows (bcf66be295899673693e2a2db0bf5910)] -> xpath: //button[contains(@class,'btn btn-success close-modal btn-block')]]
Session ID: bcf66be295899673693e2a2db0bf5910
at java.base/jdk.internal.reflect.NativeConstructorAccessorImpl.newInstance0(Native Method)
at java.base/jdk.internal.reflect.NativeConstructorAccessorImpl.newInstance(NativeConstructorAccessorImpl.java:77)
at java.base/jdk.internal.reflect.DelegatingConstructorAccessorImpl.newInstance(DelegatingConstructorAccessorImpl.java:45)
at java.base/java.lang.reflect.Constructor.newInstanceWithCaller(Constructor.java:499)
at java.base/java.lang.reflect.Constructor.newInstance(Constructor.java:480)
at org.openqa.selenium.remote.ErrorCodec.decode(ErrorCodec.java:167)
at org.openqa.selenium.remote.codec.w3c.W3CHttpResponseCodec.decode(W3CHttpResponseCodec.java:138)
at org.openqa.selenium.remote.codec.w3c.W3CHttpResponseCodec.decode(W3CHttpResponseCodec.java:50)
at org.openqa.selenium.remote.HttpCommandExecutor.execute(HttpCommandExecutor.java:190)
at org.openqa.selenium.remote.service.DriverCommandExecutor.invokeExecute(DriverCommandExecutor.java:216)
at org.openqa.selenium.remote.service.DriverCommandExecutor.execute(DriverCommandExecutor.java:174)
at org.openqa.selenium.remote.RemoteWebDriver.execute(RemoteWebDriver.java:518)
at org.openqa.selenium.remote.RemoteWebElement.execute(RemoteWebElement.java:223)
at org.openqa.selenium.remote.RemoteWebElement.click(RemoteWebElement.java:76)
at jdk.internal.reflect.GeneratedMethodAccessor4.invoke(Unknown Source)
at java.base/jdk.internal.reflect.DelegatingMethodAccessorImpl.invoke(DelegatingMethodAccessorImpl.java:43)
at java.base/java.lang.reflect.Method.invoke(Method.java:568)
at org.openqa.selenium.support.pagefactory.internal.LocatingElementHandler.invoke(LocatingElementHandler.java:51)
at jdk.proxy2/jdk.proxy2.$Proxy15.click(Unknown Source)
at pages.SearchProductPage.addAllSearchedProductsToCart(SearchProductPage.java:75)
at PageTests.SearchProductTest.testSearchProductAndVerifyCartAfterLogin(SearchProductTest.java:66)
at java.base/jdk.internal.reflect.NativeMethodAccessorImpl.invoke0(Native Method)
at java.base/jdk.internal.reflect.NativeMethodAccessorImpl.invoke(NativeMethodAccessorImpl.java:77)
at java.base/jdk.internal.reflect.DelegatingMethodAccessorImpl.invoke(DelegatingMethodAccessorImpl.java:43)
at java.base/java.lang.reflect.Method.invoke(Method.java:568)
at org.testng.internal.MethodInvocationHelper.invokeMethod(MethodInvocationHelper.java:133)
at org.testng.internal.TestInvoker.invokeMethod(TestInvoker.java:598)
at org.testng.internal.TestInvoker.invokeTestMethod(TestInvoker.java:173)
at org.testng.internal.MethodRunner.runInSequence(MethodRunner.java:46)
at org.testng.internal.TestInvoker$MethodInvocationAgent.invoke(TestInvoker.java:824)
at org.testng.internal.TestInvoker.invokeTestMethods(TestInvoker.java:146)
at org.testng.internal.TestMethodWorker.invokeTestMethods(TestMethodWorker.java:146)
at org.testng.internal.TestMethodWorker.run(TestMethodWorker.java:128)
at java.base/java.util.ArrayList.forEach(ArrayList.java:1511)
at org.testng.TestRunner.privateRun(TestRunner.java:794)
at org.testng.TestRunner.run(TestRunner.java:596)
at org.testng.SuiteRunner.runTest(SuiteRunner.java:377)
at org.testng.SuiteRunner.access$000(SuiteRunner.java:28)
at org.testng.SuiteRunner$SuiteWorker.run(SuiteRunner.java:418)
at org.testng.internal.thread.ThreadUtil.lambda$execute$0(ThreadUtil.java:64)
at java.base/java.util.concurrent.FutureTask.run(FutureTask.java:264)
at java.base/java.util.concurrent.ThreadPoolExecutor.runWorker(ThreadPoolExecutor.java:1136)
at java.base/java.util.concurrent.ThreadPoolExecutor$Worker.run(ThreadPoolExecutor.java:635)
at java.base/java.lang.Thread.run(Thread.java:840)
]]>
            </full-stacktrace>
          </exception> <!-- org.openqa.selenium.ElementNotInteractableException -->
          <reporter-output>
          </reporter-output>
        </test-method> <!-- testSearchProductAndVerifyCartAfterLogin -->
        <test-method is-config="true" signature="driverQuit()[pri:0, instance:PageTests.SearchProductTest@2b76ff4e]" started-at="2024-10-02T15:16:27 IST" name="driverQuit" finished-at="2024-10-02T15:16:28 IST" duration-ms="1190" status="PASS">
          <reporter-output>
          </reporter-output>
        </test-method> <!-- driverQuit -->
        <test-method is-config="true" signature="setUp(java.lang.String)[pri:0, instance:PageTests.SearchProductTest@2b76ff4e]" started-at="2024-10-02T15:16:28 IST" name="setUp" finished-at="2024-10-02T15:16:31 IST" duration-ms="2801" status="PASS">
          <params>
            <param index="0">
              <value>
                <![CDATA[chrome]]>
              </value>
            </param>
          </params>
          <reporter-output>
          </reporter-output>
        </test-method> <!-- setUp -->
        <test-method signature="testSearchProductAndVerifyCartAfterLogin()[pri:2, instance:PageTests.SearchProductTest@2b76ff4e]" started-at="2024-10-02T15:16:31 IST" name="testSearchProductAndVerifyCartAfterLogin" finished-at="2024-10-02T15:17:06 IST" duration-ms="34921" status="PASS">
          <reporter-output>
          </reporter-output>
        </test-method> <!-- testSearchProductAndVerifyCartAfterLogin -->
        <test-method is-config="true" signature="driverQuit()[pri:0, instance:PageTests.SearchProductTest@2b76ff4e]" started-at="2024-10-02T15:17:06 IST" name="driverQuit" finished-at="2024-10-02T15:17:07 IST" duration-ms="1607" status="PASS">
          <reporter-output>
          </reporter-output>
        </test-method> <!-- driverQuit -->
      </class> <!-- PageTests.SearchProductTest -->
      <class name="PageTests.LogoutUserTests">
        <test-method is-config="true" signature="setUp(java.lang.String)[pri:0, instance:PageTests.LogoutUserTests@ab7395e]" started-at="2024-10-02T15:07:22 IST" name="setUp" finished-at="2024-10-02T15:07:27 IST" duration-ms="5456" status="PASS">
          <params>
            <param index="0">
              <value>
                <![CDATA[chrome]]>
              </value>
            </param>
          </params>
          <reporter-output>
          </reporter-output>
        </test-method> <!-- setUp -->
        <test-method signature="logoutUserTest()[pri:0, instance:PageTests.LogoutUserTests@ab7395e]" started-at="2024-10-02T15:07:27 IST" name="logoutUserTest" description="verify logout button is working and user is redirected to login page" finished-at="2024-10-02T15:07:56 IST" duration-ms="28393" status="PASS">
          <reporter-output>
          </reporter-output>
        </test-method> <!-- logoutUserTest -->
        <test-method is-config="true" signature="driverQuit()[pri:0, instance:PageTests.LogoutUserTests@ab7395e]" started-at="2024-10-02T15:07:56 IST" name="driverQuit" finished-at="2024-10-02T15:07:57 IST" duration-ms="1353" status="PASS">
          <reporter-output>
          </reporter-output>
        </test-method> <!-- driverQuit -->
      </class> <!-- PageTests.LogoutUserTests -->
      <class name="PageTests.ViewAndCartBrandProductsTest">
        <test-method is-config="true" signature="setUp(java.lang.String)[pri:0, instance:PageTests.ViewAndCartBrandProductsTest@6bffbc6d]" started-at="2024-10-02T15:13:31 IST" name="setUp" finished-at="2024-10-02T15:13:34 IST" duration-ms="2655" status="PASS">
          <params>
            <param index="0">
              <value>
                <![CDATA[chrome]]>
              </value>
            </param>
          </params>
          <reporter-output>
          </reporter-output>
        </test-method> <!-- setUp -->
        <test-method signature="testViewAndCartBrandProducts()[pri:1, instance:PageTests.ViewAndCartBrandProductsTest@6bffbc6d]" started-at="2024-10-02T15:13:34 IST" name="testViewAndCartBrandProducts" description="verify brand and thier products" finished-at="2024-10-02T15:14:02 IST" duration-ms="27928" status="PASS">
          <reporter-output>
          </reporter-output>
        </test-method> <!-- testViewAndCartBrandProducts -->
        <test-method is-config="true" signature="driverQuit()[pri:0, instance:PageTests.ViewAndCartBrandProductsTest@6bffbc6d]" started-at="2024-10-02T15:14:02 IST" name="driverQuit" finished-at="2024-10-02T15:14:03 IST" duration-ms="1565" status="PASS">
          <reporter-output>
          </reporter-output>
        </test-method> <!-- driverQuit -->
      </class> <!-- PageTests.ViewAndCartBrandProductsTest -->
      <class name="PageTests.PlaceOrderTest">
        <test-method is-config="true" signature="setUp(java.lang.String)[pri:0, instance:PageTests.PlaceOrderTest@38aa816f]" started-at="2024-10-02T15:09:25 IST" name="setUp" finished-at="2024-10-02T15:09:27 IST" duration-ms="2580" status="PASS">
          <params>
            <param index="0">
              <value>
                <![CDATA[chrome]]>
              </value>
            </param>
          </params>
          <reporter-output>
          </reporter-output>
        </test-method> <!-- setUp -->
        <test-method signature="placeOrderRegisterWhileCheckout()[pri:1, instance:PageTests.PlaceOrderTest@38aa816f]" started-at="2024-10-02T15:09:27 IST" name="placeOrderRegisterWhileCheckout" description="verify order is placed and Register the user while checkout " finished-at="2024-10-02T15:10:29 IST" duration-ms="61663" status="PASS">
          <reporter-output>
          </reporter-output>
        </test-method> <!-- placeOrderRegisterWhileCheckout -->
        <test-method is-config="true" signature="driverQuit()[pri:0, instance:PageTests.PlaceOrderTest@38aa816f]" started-at="2024-10-02T15:10:29 IST" name="driverQuit" finished-at="2024-10-02T15:10:31 IST" duration-ms="1981" status="PASS">
          <reporter-output>
          </reporter-output>
        </test-method> <!-- driverQuit -->
        <test-method is-config="true" signature="setUp(java.lang.String)[pri:0, instance:PageTests.PlaceOrderTest@38aa816f]" started-at="2024-10-02T15:14:28 IST" name="setUp" finished-at="2024-10-02T15:14:31 IST" duration-ms="2911" status="PASS">
          <params>
            <param index="0">
              <value>
                <![CDATA[chrome]]>
              </value>
            </param>
          </params>
          <reporter-output>
          </reporter-output>
        </test-method> <!-- setUp -->
        <test-method signature="placeOrderRegisterBeforeCheckout()[pri:2, instance:PageTests.PlaceOrderTest@38aa816f]" started-at="2024-10-02T15:14:31 IST" name="placeOrderRegisterBeforeCheckout" description="verify order is placed and Register before checkout " finished-at="2024-10-02T15:15:20 IST" duration-ms="49403" status="PASS">
          <reporter-output>
          </reporter-output>
        </test-method> <!-- placeOrderRegisterBeforeCheckout -->
        <test-method is-config="true" signature="driverQuit()[pri:0, instance:PageTests.PlaceOrderTest@38aa816f]" started-at="2024-10-02T15:15:20 IST" name="driverQuit" finished-at="2024-10-02T15:15:22 IST" duration-ms="1820" status="PASS">
          <reporter-output>
          </reporter-output>
        </test-method> <!-- driverQuit -->
        <test-method is-config="true" signature="setUp(java.lang.String)[pri:0, instance:PageTests.PlaceOrderTest@38aa816f]" started-at="2024-10-02T15:17:18 IST" name="setUp" finished-at="2024-10-02T15:17:20 IST" duration-ms="2637" status="PASS">
          <params>
            <param index="0">
              <value>
                <![CDATA[chrome]]>
              </value>
            </param>
          </params>
          <reporter-output>
          </reporter-output>
        </test-method> <!-- setUp -->
        <test-method signature="placeOrderLoginBeforeCheckout()[pri:3, instance:PageTests.PlaceOrderTest@38aa816f]" started-at="2024-10-02T15:17:20 IST" name="placeOrderLoginBeforeCheckout" description="verify order is placed and Login before checkout " finished-at="2024-10-02T15:18:02 IST" duration-ms="41595" status="PASS">
          <reporter-output>
          </reporter-output>
        </test-method> <!-- placeOrderLoginBeforeCheckout -->
        <test-method is-config="true" signature="driverQuit()[pri:0, instance:PageTests.PlaceOrderTest@38aa816f]" started-at="2024-10-02T15:18:02 IST" name="driverQuit" finished-at="2024-10-02T15:18:04 IST" duration-ms="1583" status="PASS">
          <reporter-output>
          </reporter-output>
        </test-method> <!-- driverQuit -->
      </class> <!-- PageTests.PlaceOrderTest -->
      <class name="PageTests.AllProductAndDetailsTests">
        <test-method is-config="true" signature="setUp(java.lang.String)[pri:0, instance:PageTests.AllProductAndDetailsTests@64a40280]" started-at="2024-10-02T15:08:22 IST" name="setUp" finished-at="2024-10-02T15:08:25 IST" duration-ms="2874" status="PASS">
          <params>
            <param index="0">
              <value>
                <![CDATA[chrome]]>
              </value>
            </param>
          </params>
          <reporter-output>
          </reporter-output>
        </test-method> <!-- setUp -->
        <test-method signature="testGetAllProductAndDetails()[pri:0, instance:PageTests.AllProductAndDetailsTests@64a40280]" started-at="2024-10-02T15:08:25 IST" name="testGetAllProductAndDetails" description="Verify that detail  is visible: product name, category, price, availability, condition, brand" finished-at="2024-10-02T15:08:36 IST" duration-ms="10674" status="PASS">
          <reporter-output>
          </reporter-output>
        </test-method> <!-- testGetAllProductAndDetails -->
        <test-method is-config="true" signature="driverQuit()[pri:0, instance:PageTests.AllProductAndDetailsTests@64a40280]" started-at="2024-10-02T15:08:36 IST" name="driverQuit" finished-at="2024-10-02T15:08:37 IST" duration-ms="1060" status="PASS">
          <reporter-output>
          </reporter-output>
        </test-method> <!-- driverQuit -->
      </class> <!-- PageTests.AllProductAndDetailsTests -->
      <class name="PageTests.CartPageTest">
        <test-method is-config="true" signature="setUp(java.lang.String)[pri:0, instance:PageTests.CartPageTest@2f62ea70]" started-at="2024-10-02T15:18:04 IST" name="setUp" finished-at="2024-10-02T15:18:06 IST" duration-ms="2647" status="PASS">
          <params>
            <param index="0">
              <value>
                <![CDATA[chrome]]>
              </value>
            </param>
          </params>
          <reporter-output>
          </reporter-output>
        </test-method> <!-- setUp -->
        <test-method signature="testRemoveProductFromCart()[pri:4, instance:PageTests.CartPageTest@2f62ea70]" started-at="2024-10-02T15:18:06 IST" name="testRemoveProductFromCart" description="remove items from cart" finished-at="2024-10-02T15:18:35 IST" duration-ms="29103" status="PASS">
          <reporter-output>
          </reporter-output>
        </test-method> <!-- testRemoveProductFromCart -->
        <test-method is-config="true" signature="driverQuit()[pri:0, instance:PageTests.CartPageTest@2f62ea70]" started-at="2024-10-02T15:18:35 IST" name="driverQuit" finished-at="2024-10-02T15:18:37 IST" duration-ms="1636" status="PASS">
          <reporter-output>
          </reporter-output>
        </test-method> <!-- driverQuit -->
      </class> <!-- PageTests.CartPageTest -->
      <class name="PageTests.ContactUsFormTests">
        <test-method is-config="true" signature="setUp(java.lang.String)[pri:0, instance:PageTests.ContactUsFormTests@50d13246]" started-at="2024-10-02T15:10:31 IST" name="setUp" finished-at="2024-10-02T15:10:34 IST" duration-ms="2739" status="PASS">
          <params>
            <param index="0">
              <value>
                <![CDATA[chrome]]>
              </value>
            </param>
          </params>
          <reporter-output>
          </reporter-output>
        </test-method> <!-- setUp -->
        <test-method signature="testContactUsForm()[pri:1, instance:PageTests.ContactUsFormTests@50d13246]" started-at="2024-10-02T15:10:34 IST" name="testContactUsForm" description="fill the contact us form and verify after form sub user redirects to homepage" finished-at="2024-10-02T15:10:49 IST" duration-ms="15299" status="PASS">
          <reporter-output>
          </reporter-output>
        </test-method> <!-- testContactUsForm -->
        <test-method is-config="true" signature="driverQuit()[pri:0, instance:PageTests.ContactUsFormTests@50d13246]" started-at="2024-10-02T15:10:49 IST" name="driverQuit" finished-at="2024-10-02T15:10:50 IST" duration-ms="1125" status="PASS">
          <reporter-output>
          </reporter-output>
        </test-method> <!-- driverQuit -->
      </class> <!-- PageTests.ContactUsFormTests -->
      <class name="PageTests.LoginPageTests">
        <test-method is-config="true" signature="setUp(java.lang.String)[pri:0, instance:PageTests.LoginPageTests@3f9342d4]" started-at="2024-10-02T15:11:52 IST" name="setUp" finished-at="2024-10-02T15:11:55 IST" duration-ms="2831" status="PASS">
          <params>
            <param index="0">
              <value>
                <![CDATA[chrome]]>
              </value>
            </param>
          </params>
          <reporter-output>
          </reporter-output>
        </test-method> <!-- setUp -->
        <test-method signature="testLoginWithValidCredentials()[pri:1, instance:PageTests.LoginPageTests@3f9342d4]" started-at="2024-10-02T15:11:55 IST" name="testLoginWithValidCredentials" description="login with Valid credentials" finished-at="2024-10-02T15:12:07 IST" duration-ms="12335" status="PASS">
          <reporter-output>
          </reporter-output>
        </test-method> <!-- testLoginWithValidCredentials -->
        <test-method is-config="true" signature="driverQuit()[pri:0, instance:PageTests.LoginPageTests@3f9342d4]" started-at="2024-10-02T15:12:07 IST" name="driverQuit" finished-at="2024-10-02T15:12:08 IST" duration-ms="1141" status="PASS">
          <reporter-output>
          </reporter-output>
        </test-method> <!-- driverQuit -->
        <test-method is-config="true" signature="setUp(java.lang.String)[pri:0, instance:PageTests.LoginPageTests@3f9342d4]" started-at="2024-10-02T15:15:44 IST" name="setUp" finished-at="2024-10-02T15:15:47 IST" duration-ms="2893" status="PASS">
          <params>
            <param index="0">
              <value>
                <![CDATA[chrome]]>
              </value>
            </param>
          </params>
          <reporter-output>
          </reporter-output>
        </test-method> <!-- setUp -->
        <test-method signature="testLoginWithInvalidCredentials()[pri:2, instance:PageTests.LoginPageTests@3f9342d4]" started-at="2024-10-02T15:15:47 IST" name="testLoginWithInvalidCredentials" description="login with Invalid credentials" finished-at="2024-10-02T15:16:02 IST" duration-ms="15418" status="FAIL">
          <exception class="java.lang.AssertionError">
            <message>
              <![CDATA[expected [Login to your account] but found [Your email or password is incorrect!]]]>
            </message>
            <full-stacktrace>
              <![CDATA[java.lang.AssertionError: expected [Login to your account] but found [Your email or password is incorrect!]
at org.testng.Assert.fail(Assert.java:99)
at org.testng.Assert.failNotEquals(Assert.java:1037)
at org.testng.Assert.assertEqualsImpl(Assert.java:140)
at org.testng.Assert.assertEquals(Assert.java:122)
at org.testng.Assert.assertEquals(Assert.java:629)
at org.testng.Assert.assertEquals(Assert.java:639)
at PageTests.LoginPageTests.testLoginWithInvalidCredentials(LoginPageTests.java:39)
at java.base/jdk.internal.reflect.NativeMethodAccessorImpl.invoke0(Native Method)
at java.base/jdk.internal.reflect.NativeMethodAccessorImpl.invoke(NativeMethodAccessorImpl.java:77)
at java.base/jdk.internal.reflect.DelegatingMethodAccessorImpl.invoke(DelegatingMethodAccessorImpl.java:43)
at java.base/java.lang.reflect.Method.invoke(Method.java:568)
at org.testng.internal.MethodInvocationHelper.invokeMethod(MethodInvocationHelper.java:133)
at org.testng.internal.TestInvoker.invokeMethod(TestInvoker.java:598)
at org.testng.internal.TestInvoker.invokeTestMethod(TestInvoker.java:173)
at org.testng.internal.MethodRunner.runInSequence(MethodRunner.java:46)
at org.testng.internal.TestInvoker$MethodInvocationAgent.invoke(TestInvoker.java:824)
at org.testng.internal.TestInvoker.invokeTestMethods(TestInvoker.java:146)
at org.testng.internal.TestMethodWorker.invokeTestMethods(TestMethodWorker.java:146)
at org.testng.internal.TestMethodWorker.run(TestMethodWorker.java:128)
at java.base/java.util.ArrayList.forEach(ArrayList.java:1511)
at org.testng.TestRunner.privateRun(TestRunner.java:794)
at org.testng.TestRunner.run(TestRunner.java:596)
at org.testng.SuiteRunner.runTest(SuiteRunner.java:377)
at org.testng.SuiteRunner.access$000(SuiteRunner.java:28)
at org.testng.SuiteRunner$SuiteWorker.run(SuiteRunner.java:418)
at org.testng.internal.thread.ThreadUtil.lambda$execute$0(ThreadUtil.java:64)
at java.base/java.util.concurrent.FutureTask.run(FutureTask.java:264)
at java.base/java.util.concurrent.ThreadPoolExecutor.runWorker(ThreadPoolExecutor.java:1136)
at java.base/java.util.concurrent.ThreadPoolExecutor$Worker.run(ThreadPoolExecutor.java:635)
at java.base/java.lang.Thread.run(Thread.java:840)
]]>
            </full-stacktrace>
          </exception> <!-- java.lang.AssertionError -->
          <reporter-output>
          </reporter-output>
        </test-method> <!-- testLoginWithInvalidCredentials -->
        <test-method is-config="true" signature="driverQuit()[pri:0, instance:PageTests.LoginPageTests@3f9342d4]" started-at="2024-10-02T15:16:02 IST" name="driverQuit" finished-at="2024-10-02T15:16:04 IST" duration-ms="1277" status="PASS">
          <reporter-output>
          </reporter-output>
        </test-method> <!-- driverQuit -->
      </class> <!-- PageTests.LoginPageTests -->
      <class name="PageTests.ViewCategoryProductsTest">
        <test-method is-config="true" signature="setUp(java.lang.String)[pri:0, instance:PageTests.ViewCategoryProductsTest@53f6fd09]" started-at="2024-10-02T15:14:03 IST" name="setUp" finished-at="2024-10-02T15:14:06 IST" duration-ms="2866" status="PASS">
          <params>
            <param index="0">
              <value>
                <![CDATA[chrome]]>
              </value>
            </param>
          </params>
          <reporter-output>
          </reporter-output>
        </test-method> <!-- setUp -->
        <test-method signature="testViewCategoryProducts()[pri:1, instance:PageTests.ViewCategoryProductsTest@53f6fd09]" started-at="2024-10-02T15:14:06 IST" name="testViewCategoryProducts" description="verify user is on sub category page" finished-at="2024-10-02T15:14:27 IST" duration-ms="20667" status="PASS">
          <reporter-output>
          </reporter-output>
        </test-method> <!-- testViewCategoryProducts -->
        <test-method is-config="true" signature="driverQuit()[pri:0, instance:PageTests.ViewCategoryProductsTest@53f6fd09]" started-at="2024-10-02T15:14:27 IST" name="driverQuit" finished-at="2024-10-02T15:14:28 IST" duration-ms="1288" status="PASS">
          <reporter-output>
          </reporter-output>
        </test-method> <!-- driverQuit -->
      </class> <!-- PageTests.ViewCategoryProductsTest -->
      <class name="PageTests.ProductQuantityInCartTest">
        <test-method is-config="true" signature="setUp(java.lang.String)[pri:0, instance:PageTests.ProductQuantityInCartTest@24ba9639]" started-at="2024-10-02T15:09:06 IST" name="setUp" finished-at="2024-10-02T15:09:10 IST" duration-ms="3737" status="PASS">
          <params>
            <param index="0">
              <value>
                <![CDATA[chrome]]>
              </value>
            </param>
          </params>
          <reporter-output>
          </reporter-output>
        </test-method> <!-- setUp -->
        <test-method signature="verifyProductQuantityTest()[pri:0, instance:PageTests.ProductQuantityInCartTest@24ba9639]" started-at="2024-10-02T15:09:10 IST" name="verifyProductQuantityTest" description="verify product quantity" finished-at="2024-10-02T15:09:24 IST" duration-ms="14081" status="PASS">
          <reporter-output>
          </reporter-output>
        </test-method> <!-- verifyProductQuantityTest -->
        <test-method is-config="true" signature="driverQuit()[pri:0, instance:PageTests.ProductQuantityInCartTest@24ba9639]" started-at="2024-10-02T15:09:24 IST" name="driverQuit" finished-at="2024-10-02T15:09:25 IST" duration-ms="1127" status="PASS">
          <reporter-output>
          </reporter-output>
        </test-method> <!-- driverQuit -->
      </class> <!-- PageTests.ProductQuantityInCartTest -->
      <class name="PageTests.DownloadInvoiceAfterCheckout">
        <test-method is-config="true" signature="setUp(java.lang.String)[pri:0, instance:PageTests.DownloadInvoiceAfterCheckout@13330ac6]" started-at="2024-10-02T15:10:50 IST" name="setUp" finished-at="2024-10-02T15:10:53 IST" duration-ms="2546" status="PASS">
          <params>
            <param index="0">
              <value>
                <![CDATA[chrome]]>
              </value>
            </param>
          </params>
          <reporter-output>
          </reporter-output>
        </test-method> <!-- setUp -->
        <test-method signature="testDownloadInvoiceAfterCheckout()[pri:1, instance:PageTests.DownloadInvoiceAfterCheckout@13330ac6]" started-at="2024-10-02T15:10:53 IST" name="testDownloadInvoiceAfterCheckout" finished-at="2024-10-02T15:11:50 IST" duration-ms="57369" status="PASS">
          <reporter-output>
          </reporter-output>
        </test-method> <!-- testDownloadInvoiceAfterCheckout -->
        <test-method is-config="true" signature="driverQuit()[pri:0, instance:PageTests.DownloadInvoiceAfterCheckout@13330ac6]" started-at="2024-10-02T15:11:50 IST" name="driverQuit" finished-at="2024-10-02T15:11:52 IST" duration-ms="1780" status="PASS">
          <reporter-output>
          </reporter-output>
        </test-method> <!-- driverQuit -->
      </class> <!-- PageTests.DownloadInvoiceAfterCheckout -->
      <class name="PageTests.RegisterPageTests">
        <test-method is-config="true" signature="setUp(java.lang.String)[pri:0, instance:PageTests.RegisterPageTests@e383572]" started-at="2024-10-02T15:12:18 IST" name="setUp" finished-at="2024-10-02T15:12:20 IST" duration-ms="2460" status="PASS">
          <params>
            <param index="0">
              <value>
                <![CDATA[chrome]]>
              </value>
            </param>
          </params>
          <reporter-output>
          </reporter-output>
        </test-method> <!-- setUp -->
        <test-method signature="testRegisterUser()[pri:1, instance:PageTests.RegisterPageTests@e383572]" started-at="2024-10-02T15:12:20 IST" name="testRegisterUser" description="Register a new user and verify the deletion of the account" finished-at="2024-10-02T15:12:56 IST" duration-ms="36061" status="PASS">
          <reporter-output>
          </reporter-output>
        </test-method> <!-- testRegisterUser -->
        <test-method is-config="true" signature="driverQuit()[pri:0, instance:PageTests.RegisterPageTests@e383572]" started-at="2024-10-02T15:12:56 IST" name="driverQuit" finished-at="2024-10-02T15:12:58 IST" duration-ms="1640" status="PASS">
          <reporter-output>
          </reporter-output>
        </test-method> <!-- driverQuit -->
        <test-method is-config="true" signature="setUp(java.lang.String)[pri:0, instance:PageTests.RegisterPageTests@e383572]" started-at="2024-10-02T15:15:22 IST" name="setUp" finished-at="2024-10-02T15:15:25 IST" duration-ms="2707" status="PASS">
          <params>
            <param index="0">
              <value>
                <![CDATA[chrome]]>
              </value>
            </param>
          </params>
          <reporter-output>
          </reporter-output>
        </test-method> <!-- setUp -->
        <test-method signature="testAlreadyRegisterUser()[pri:2, instance:PageTests.RegisterPageTests@e383572]" started-at="2024-10-02T15:15:25 IST" name="testAlreadyRegisterUser" description="Register with already existing user" finished-at="2024-10-02T15:15:41 IST" duration-ms="16416" status="PASS">
          <reporter-output>
          </reporter-output>
        </test-method> <!-- testAlreadyRegisterUser -->
        <test-method is-config="true" signature="driverQuit()[pri:0, instance:PageTests.RegisterPageTests@e383572]" started-at="2024-10-02T15:15:41 IST" name="driverQuit" finished-at="2024-10-02T15:15:44 IST" duration-ms="2726" status="PASS">
          <reporter-output>
          </reporter-output>
        </test-method> <!-- driverQuit -->
      </class> <!-- PageTests.RegisterPageTests -->
    </test> <!-- ChromeTest -->
  </suite> <!-- Cross browser Suite -->
</testng-results>
